2016-11-28 15:43:16 4880 [Note] Plugin 'FEDERATED' is disabled.
2016-11-28 15:43:16 4880 [Note] InnoDB: Using atomics to ref count buffer pool pages
2016-11-28 15:43:16 4880 [Note] InnoDB: The InnoDB memory heap is disabled
2016-11-28 15:43:16 4880 [Note] InnoDB: Mutexes and rw_locks use Windows interlocked functions
2016-11-28 15:43:16 4880 [Note] InnoDB: Memory barrier is not used
2016-11-28 15:43:16 4880 [Note] InnoDB: Compressed tables use zlib 1.2.3
2016-11-28 15:43:16 4880 [Note] InnoDB: Not using CPU crc32 instructions
2016-11-28 15:43:16 4880 [Note] InnoDB: Initializing buffer pool, size = 128.0M
2016-11-28 15:43:16 4880 [Note] InnoDB: Completed initialization of buffer pool
2016-11-28 15:43:16 4880 [Note] InnoDB: Highest supported file format is Barracuda.
2016-11-28 15:43:17 4880 [Note] InnoDB: 128 rollback segment(s) are active.
2016-11-28 15:43:17 4880 [Note] InnoDB: Waiting for purge to start
2016-11-28 15:43:17 4880 [Note] InnoDB: 5.6.34 started; log sequence number 1625977
2016-11-28 15:43:17 4880 [Warning] No existing UUID has been found, so we assume that this is the first time that this server has been started. Generating a new UUID: 0e098e7a-b5bc-11e6-b3eb-2c56dc258b14.
2016-11-28 15:43:17 4880 [Note] Server hostname (bind-address): '127.0.0.1'; port: 3306
2016-11-28 15:43:17 4880 [Note]   - '127.0.0.1' resolves to '127.0.0.1';
2016-11-28 15:43:17 4880 [Note] Server socket created on IP: '127.0.0.1'.
2016-11-28 15:43:17 4880 [Note] Event Scheduler: Loaded 0 events
2016-11-28 15:43:17 4880 [Note] C:\Bitnami\WAMPST~1.28-\mysql\bin\mysqld.exe: ready for connections.
Version: '5.6.34'  socket: ''  port: 3306  MySQL Community Server (GPL)
2016-11-28 15:43:53 4880 [Note] C:\Bitnami\WAMPST~1.28-\mysql\bin\mysqld.exe: Normal shutdown

2016-11-28 15:43:53 4880 [Note] Giving 0 client threads a chance to die gracefully
2016-11-28 15:43:53 4880 [Note] Event Scheduler: Purging the queue. 0 events
2016-11-28 15:43:53 4880 [Note] Shutting down slave threads
2016-11-28 15:43:53 4880 [Note] Forcefully disconnecting 0 remaining clients
2016-11-28 15:43:53 4880 [Note] Binlog end
2016-11-28 15:43:53 4880 [Note] Shutting down plugin 'partition'
2016-11-28 15:43:53 4880 [Note] Shutting down plugin 'PERFORMANCE_SCHEMA'
2016-11-28 15:43:53 4880 [Note] Shutting down plugin 'INNODB_SYS_DATAFILES'
2016-11-28 15:43:53 4880 [Note] Shutting down plugin 'INNODB_SYS_TABLESPACES'
2016-11-28 15:43:53 4880 [Note] Shutting down plugin 'INNODB_SYS_FOREIGN_COLS'
2016-11-28 15:43:53 4880 [Note] Shutting down plugin 'INNODB_SYS_FOREIGN'
2016-11-28 15:43:53 4880 [Note] Shutting down plugin 'INNODB_SYS_FIELDS'
2016-11-28 15:43:53 4880 [Note] Shutting down plugin 'INNODB_SYS_COLUMNS'
2016-11-28 15:43:53 4880 [Note] Shutting down plugin 'INNODB_SYS_INDEXES'
2016-11-28 15:43:53 4880 [Note] Shutting down plugin 'INNODB_SYS_TABLESTATS'
2016-11-28 15:43:53 4880 [Note] Shutting down plugin 'INNODB_SYS_TABLES'
2016-11-28 15:43:53 4880 [Note] Shutting down plugin 'INNODB_FT_INDEX_TABLE'
2016-11-28 15:43:53 4880 [Note] Shutting down plugin 'INNODB_FT_INDEX_CACHE'
2016-11-28 15:43:53 4880 [Note] Shutting down plugin 'INNODB_FT_CONFIG'
2016-11-28 15:43:53 4880 [Note] Shutting down plugin 'INNODB_FT_BEING_DELETED'
2016-11-28 15:43:53 4880 [Note] Shutting down plugin 'INNODB_FT_DELETED'
2016-11-28 15:43:53 4880 [Note] Shutting down plugin 'INNODB_FT_DEFAULT_STOPWORD'
2016-11-28 15:43:53 4880 [Note] Shutting down plugin 'INNODB_METRICS'
2016-11-28 15:43:53 4880 [Note] Shutting down plugin 'INNODB_BUFFER_POOL_STATS'
2016-11-28 15:43:53 4880 [Note] Shutting down plugin 'INNODB_BUFFER_PAGE_LRU'
2016-11-28 15:43:53 4880 [Note] Shutting down plugin 'INNODB_BUFFER_PAGE'
2016-11-28 15:43:53 4880 [Note] Shutting down plugin 'INNODB_CMP_PER_INDEX_RESET'
2016-11-28 15:43:53 4880 [Note] Shutting down plugin 'INNODB_CMP_PER_INDEX'
2016-11-28 15:43:53 4880 [Note] Shutting down plugin 'INNODB_CMPMEM_RESET'
2016-11-28 15:43:53 4880 [Note] Shutting down plugin 'INNODB_CMPMEM'
2016-11-28 15:43:53 4880 [Note] Shutting down plugin 'INNODB_CMP_RESET'
2016-11-28 15:43:53 4880 [Note] Shutting down plugin 'INNODB_CMP'
2016-11-28 15:43:53 4880 [Note] Shutting down plugin 'INNODB_LOCK_WAITS'
2016-11-28 15:43:53 4880 [Note] Shutting down plugin 'INNODB_LOCKS'
2016-11-28 15:43:53 4880 [Note] Shutting down plugin 'INNODB_TRX'
2016-11-28 15:43:53 4880 [Note] Shutting down plugin 'InnoDB'
2016-11-28 15:43:53 4880 [Note] InnoDB: FTS optimize thread exiting.
2016-11-28 15:43:53 4880 [Note] InnoDB: Starting shutdown...
2016-11-28 15:43:54 4880 [Note] InnoDB: Shutdown completed; log sequence number 1625987
2016-11-28 15:43:54 4880 [Note] Shutting down plugin 'BLACKHOLE'
2016-11-28 15:43:54 4880 [Note] Shutting down plugin 'ARCHIVE'
2016-11-28 15:43:54 4880 [Note] Shutting down plugin 'MRG_MYISAM'
2016-11-28 15:43:54 4880 [Note] Shutting down plugin 'MyISAM'
2016-11-28 15:43:54 4880 [Note] Shutting down plugin 'MEMORY'
2016-11-28 15:43:54 4880 [Note] Shutting down plugin 'CSV'
2016-11-28 15:43:54 4880 [Note] Shutting down plugin 'sha256_password'
2016-11-28 15:43:54 4880 [Note] Shutting down plugin 'mysql_old_password'
2016-11-28 15:43:54 4880 [Note] Shutting down plugin 'mysql_native_password'
2016-11-28 15:43:54 4880 [Note] Shutting down plugin 'binlog'
2016-11-28 15:43:54 4880 [Note] C:\Bitnami\WAMPST~1.28-\mysql\bin\mysqld.exe: Shutdown complete

2016-11-28 15:44:40 7220 [Note] Plugin 'FEDERATED' is disabled.
2016-11-28 15:44:40 7220 [Note] InnoDB: Using atomics to ref count buffer pool pages
2016-11-28 15:44:40 7220 [Note] InnoDB: The InnoDB memory heap is disabled
2016-11-28 15:44:40 7220 [Note] InnoDB: Mutexes and rw_locks use Windows interlocked functions
2016-11-28 15:44:40 7220 [Note] InnoDB: Memory barrier is not used
2016-11-28 15:44:40 7220 [Note] InnoDB: Compressed tables use zlib 1.2.3
2016-11-28 15:44:40 7220 [Note] InnoDB: Not using CPU crc32 instructions
2016-11-28 15:44:40 7220 [Note] InnoDB: Initializing buffer pool, size = 128.0M
2016-11-28 15:44:40 7220 [Note] InnoDB: Completed initialization of buffer pool
2016-11-28 15:44:40 7220 [Note] InnoDB: Highest supported file format is Barracuda.
2016-11-28 15:44:40 7220 [Note] InnoDB: 128 rollback segment(s) are active.
2016-11-28 15:44:40 7220 [Note] InnoDB: Waiting for purge to start
2016-11-28 15:44:40 7220 [Note] InnoDB: 5.6.34 started; log sequence number 1625987
2016-11-28 15:44:40 7220 [Note] Server hostname (bind-address): '127.0.0.1'; port: 3306
2016-11-28 15:44:40 7220 [Note]   - '127.0.0.1' resolves to '127.0.0.1';
2016-11-28 15:44:40 7220 [Note] Server socket created on IP: '127.0.0.1'.
2016-11-28 15:44:41 7220 [Note] Event Scheduler: Loaded 0 events
2016-11-28 15:44:41 7220 [Note] C:\Bitnami\wampstack-5.6.28-1\mysql\bin\mysqld.exe: ready for connections.
Version: '5.6.34'  socket: ''  port: 3306  MySQL Community Server (GPL)
2016-11-28 16:21:03 7220 [Note] C:\Bitnami\wampstack-5.6.28-1\mysql\bin\mysqld.exe: Normal shutdown

2016-11-28 16:21:03 7220 [Note] Giving 0 client threads a chance to die gracefully
2016-11-28 16:21:03 7220 [Note] Event Scheduler: Purging the queue. 0 events
2016-11-28 16:21:03 7220 [Note] Shutting down slave threads
2016-11-28 16:21:03 7220 [Note] Forcefully disconnecting 0 remaining clients
2016-11-28 16:21:03 7220 [Note] Binlog end
2016-11-28 16:21:03 7220 [Note] Shutting down plugin 'partition'
2016-11-28 16:21:03 7220 [Note] Shutting down plugin 'PERFORMANCE_SCHEMA'
2016-11-28 16:21:03 7220 [Note] Shutting down plugin 'INNODB_SYS_DATAFILES'
2016-11-28 16:21:03 7220 [Note] Shutting down plugin 'INNODB_SYS_TABLESPACES'
2016-11-28 16:21:03 7220 [Note] Shutting down plugin 'INNODB_SYS_FOREIGN_COLS'
2016-11-28 16:21:03 7220 [Note] Shutting down plugin 'INNODB_SYS_FOREIGN'
2016-11-28 16:21:03 7220 [Note] Shutting down plugin 'INNODB_SYS_FIELDS'
2016-11-28 16:21:03 7220 [Note] Shutting down plugin 'INNODB_SYS_COLUMNS'
2016-11-28 16:21:03 7220 [Note] Shutting down plugin 'INNODB_SYS_INDEXES'
2016-11-28 16:21:03 7220 [Note] Shutting down plugin 'INNODB_SYS_TABLESTATS'
2016-11-28 16:21:03 7220 [Note] Shutting down plugin 'INNODB_SYS_TABLES'
2016-11-28 16:21:03 7220 [Note] Shutting down plugin 'INNODB_FT_INDEX_TABLE'
2016-11-28 16:21:03 7220 [Note] Shutting down plugin 'INNODB_FT_INDEX_CACHE'
2016-11-28 16:21:03 7220 [Note] Shutting down plugin 'INNODB_FT_CONFIG'
2016-11-28 16:21:03 7220 [Note] Shutting down plugin 'INNODB_FT_BEING_DELETED'
2016-11-28 16:21:03 7220 [Note] Shutting down plugin 'INNODB_FT_DELETED'
2016-11-28 16:21:03 7220 [Note] Shutting down plugin 'INNODB_FT_DEFAULT_STOPWORD'
2016-11-28 16:21:03 7220 [Note] Shutting down plugin 'INNODB_METRICS'
2016-11-28 16:21:03 7220 [Note] Shutting down plugin 'INNODB_BUFFER_POOL_STATS'
2016-11-28 16:21:03 7220 [Note] Shutting down plugin 'INNODB_BUFFER_PAGE_LRU'
2016-11-28 16:21:03 7220 [Note] Shutting down plugin 'INNODB_BUFFER_PAGE'
2016-11-28 16:21:03 7220 [Note] Shutting down plugin 'INNODB_CMP_PER_INDEX_RESET'
2016-11-28 16:21:03 7220 [Note] Shutting down plugin 'INNODB_CMP_PER_INDEX'
2016-11-28 16:21:03 7220 [Note] Shutting down plugin 'INNODB_CMPMEM_RESET'
2016-11-28 16:21:03 7220 [Note] Shutting down plugin 'INNODB_CMPMEM'
2016-11-28 16:21:03 7220 [Note] Shutting down plugin 'INNODB_CMP_RESET'
2016-11-28 16:21:03 7220 [Note] Shutting down plugin 'INNODB_CMP'
2016-11-28 16:21:03 7220 [Note] Shutting down plugin 'INNODB_LOCK_WAITS'
2016-11-28 16:21:03 7220 [Note] Shutting down plugin 'INNODB_LOCKS'
2016-11-28 16:21:03 7220 [Note] Shutting down plugin 'INNODB_TRX'
2016-11-28 16:21:03 7220 [Note] Shutting down plugin 'InnoDB'
2016-11-28 16:21:03 7220 [Note] InnoDB: FTS optimize thread exiting.
2016-11-28 16:21:03 7220 [Note] InnoDB: Starting shutdown...
2016-11-28 16:21:05 7220 [Note] InnoDB: Shutdown completed; log sequence number 10563185
2016-11-28 16:21:05 7220 [Note] Shutting down plugin 'BLACKHOLE'
2016-11-28 16:21:05 7220 [Note] Shutting down plugin 'ARCHIVE'
2016-11-28 16:21:05 7220 [Note] Shutting down plugin 'MRG_MYISAM'
2016-11-28 16:21:05 7220 [Note] Shutting down plugin 'MyISAM'
2016-11-28 16:21:05 7220 [Note] Shutting down plugin 'MEMORY'
2016-11-28 16:21:05 7220 [Note] Shutting down plugin 'CSV'
2016-11-28 16:21:05 7220 [Note] Shutting down plugin 'sha256_password'
2016-11-28 16:21:05 7220 [Note] Shutting down plugin 'mysql_old_password'
2016-11-28 16:21:05 7220 [Note] Shutting down plugin 'mysql_native_password'
2016-11-28 16:21:05 7220 [Note] Shutting down plugin 'binlog'
2016-11-28 16:21:05 7220 [Note] C:\Bitnami\wampstack-5.6.28-1\mysql\bin\mysqld.exe: Shutdown complete

2016-11-28 16:21:05 5064 [Note] Plugin 'FEDERATED' is disabled.
2016-11-28 16:21:05 5064 [Note] InnoDB: Using atomics to ref count buffer pool pages
2016-11-28 16:21:05 5064 [Note] InnoDB: The InnoDB memory heap is disabled
2016-11-28 16:21:05 5064 [Note] InnoDB: Mutexes and rw_locks use Windows interlocked functions
2016-11-28 16:21:05 5064 [Note] InnoDB: Memory barrier is not used
2016-11-28 16:21:05 5064 [Note] InnoDB: Compressed tables use zlib 1.2.3
2016-11-28 16:21:05 5064 [Note] InnoDB: Not using CPU crc32 instructions
2016-11-28 16:21:05 5064 [Note] InnoDB: Initializing buffer pool, size = 128.0M
2016-11-28 16:21:05 5064 [Note] InnoDB: Completed initialization of buffer pool
2016-11-28 16:21:05 5064 [Note] InnoDB: Highest supported file format is Barracuda.
2016-11-28 16:21:06 5064 [Note] InnoDB: 128 rollback segment(s) are active.
2016-11-28 16:21:06 5064 [Note] InnoDB: Waiting for purge to start
2016-11-28 16:21:06 5064 [Note] InnoDB: 5.6.34 started; log sequence number 10563185
2016-11-28 16:21:06 5064 [Note] Server hostname (bind-address): '127.0.0.1'; port: 3306
2016-11-28 16:21:06 5064 [Note]   - '127.0.0.1' resolves to '127.0.0.1';
2016-11-28 16:21:06 5064 [Note] Server socket created on IP: '127.0.0.1'.
2016-11-28 16:21:06 5064 [Note] Event Scheduler: Loaded 0 events
2016-11-28 16:21:06 5064 [Note] C:\Bitnami\wampstack-5.6.28-1\mysql\bin\mysqld.exe: ready for connections.
Version: '5.6.34'  socket: ''  port: 3306  MySQL Community Server (GPL)
2016-11-28 16:25:34 5064 [Note] C:\Bitnami\wampstack-5.6.28-1\mysql\bin\mysqld.exe: Normal shutdown

2016-11-28 16:25:34 5064 [Note] Giving 0 client threads a chance to die gracefully
2016-11-28 16:25:34 5064 [Note] Event Scheduler: Purging the queue. 0 events
2016-11-28 16:25:34 5064 [Note] Shutting down slave threads
2016-11-28 16:25:34 5064 [Note] Forcefully disconnecting 0 remaining clients
2016-11-28 16:25:34 5064 [Note] Binlog end
2016-11-28 16:25:34 5064 [Note] Shutting down plugin 'partition'
2016-11-28 16:25:34 5064 [Note] Shutting down plugin 'PERFORMANCE_SCHEMA'
2016-11-28 16:25:34 5064 [Note] Shutting down plugin 'INNODB_SYS_DATAFILES'
2016-11-28 16:25:34 5064 [Note] Shutting down plugin 'INNODB_SYS_TABLESPACES'
2016-11-28 16:25:34 5064 [Note] Shutting down plugin 'INNODB_SYS_FOREIGN_COLS'
2016-11-28 16:25:34 5064 [Note] Shutting down plugin 'INNODB_SYS_FOREIGN'
2016-11-28 16:25:34 5064 [Note] Shutting down plugin 'INNODB_SYS_FIELDS'
2016-11-28 16:25:34 5064 [Note] Shutting down plugin 'INNODB_SYS_COLUMNS'
2016-11-28 16:25:34 5064 [Note] Shutting down plugin 'INNODB_SYS_INDEXES'
2016-11-28 16:25:34 5064 [Note] Shutting down plugin 'INNODB_SYS_TABLESTATS'
2016-11-28 16:25:34 5064 [Note] Shutting down plugin 'INNODB_SYS_TABLES'
2016-11-28 16:25:34 5064 [Note] Shutting down plugin 'INNODB_FT_INDEX_TABLE'
2016-11-28 16:25:34 5064 [Note] Shutting down plugin 'INNODB_FT_INDEX_CACHE'
2016-11-28 16:25:34 5064 [Note] Shutting down plugin 'INNODB_FT_CONFIG'
2016-11-28 16:25:34 5064 [Note] Shutting down plugin 'INNODB_FT_BEING_DELETED'
2016-11-28 16:25:34 5064 [Note] Shutting down plugin 'INNODB_FT_DELETED'
2016-11-28 16:25:34 5064 [Note] Shutting down plugin 'INNODB_FT_DEFAULT_STOPWORD'
2016-11-28 16:25:34 5064 [Note] Shutting down plugin 'INNODB_METRICS'
2016-11-28 16:25:34 5064 [Note] Shutting down plugin 'INNODB_BUFFER_POOL_STATS'
2016-11-28 16:25:34 5064 [Note] Shutting down plugin 'INNODB_BUFFER_PAGE_LRU'
2016-11-28 16:25:34 5064 [Note] Shutting down plugin 'INNODB_BUFFER_PAGE'
2016-11-28 16:25:34 5064 [Note] Shutting down plugin 'INNODB_CMP_PER_INDEX_RESET'
2016-11-28 16:25:34 5064 [Note] Shutting down plugin 'INNODB_CMP_PER_INDEX'
2016-11-28 16:25:34 5064 [Note] Shutting down plugin 'INNODB_CMPMEM_RESET'
2016-11-28 16:25:34 5064 [Note] Shutting down plugin 'INNODB_CMPMEM'
2016-11-28 16:25:34 5064 [Note] Shutting down plugin 'INNODB_CMP_RESET'
2016-11-28 16:25:34 5064 [Note] Shutting down plugin 'INNODB_CMP'
2016-11-28 16:25:34 5064 [Note] Shutting down plugin 'INNODB_LOCK_WAITS'
2016-11-28 16:25:34 5064 [Note] Shutting down plugin 'INNODB_LOCKS'
2016-11-28 16:25:34 5064 [Note] Shutting down plugin 'INNODB_TRX'
2016-11-28 16:25:34 5064 [Note] Shutting down plugin 'InnoDB'
2016-11-28 16:25:34 5064 [Note] InnoDB: FTS optimize thread exiting.
2016-11-28 16:25:34 5064 [Note] InnoDB: Starting shutdown...
2016-11-28 16:25:35 5064 [Note] InnoDB: Shutdown completed; log sequence number 10563195
2016-11-28 16:25:35 5064 [Note] Shutting down plugin 'BLACKHOLE'
2016-11-28 16:25:35 5064 [Note] Shutting down plugin 'ARCHIVE'
2016-11-28 16:25:35 5064 [Note] Shutting down plugin 'MRG_MYISAM'
2016-11-28 16:25:35 5064 [Note] Shutting down plugin 'MyISAM'
2016-11-28 16:25:35 5064 [Note] Shutting down plugin 'MEMORY'
2016-11-28 16:25:35 5064 [Note] Shutting down plugin 'CSV'
2016-11-28 16:25:35 5064 [Note] Shutting down plugin 'sha256_password'
2016-11-28 16:25:35 5064 [Note] Shutting down plugin 'mysql_old_password'
2016-11-28 16:25:35 5064 [Note] Shutting down plugin 'mysql_native_password'
2016-11-28 16:25:35 5064 [Note] Shutting down plugin 'binlog'
2016-11-28 16:25:35 5064 [Note] C:\Bitnami\wampstack-5.6.28-1\mysql\bin\mysqld.exe: Shutdown complete

2016-11-28 16:25:35 7952 [Note] Plugin 'FEDERATED' is disabled.
2016-11-28 16:25:35 7952 [Note] InnoDB: Using atomics to ref count buffer pool pages
2016-11-28 16:25:35 7952 [Note] InnoDB: The InnoDB memory heap is disabled
2016-11-28 16:25:35 7952 [Note] InnoDB: Mutexes and rw_locks use Windows interlocked functions
2016-11-28 16:25:35 7952 [Note] InnoDB: Memory barrier is not used
2016-11-28 16:25:35 7952 [Note] InnoDB: Compressed tables use zlib 1.2.3
2016-11-28 16:25:35 7952 [Note] InnoDB: Not using CPU crc32 instructions
2016-11-28 16:25:35 7952 [Note] InnoDB: Initializing buffer pool, size = 128.0M
2016-11-28 16:25:35 7952 [Note] InnoDB: Completed initialization of buffer pool
2016-11-28 16:25:36 7952 [Note] InnoDB: Highest supported file format is Barracuda.
2016-11-28 16:25:36 7952 [Note] InnoDB: 128 rollback segment(s) are active.
2016-11-28 16:25:36 7952 [Note] InnoDB: Waiting for purge to start
2016-11-28 16:25:36 7952 [Note] InnoDB: 5.6.34 started; log sequence number 10563195
2016-11-28 16:25:36 7952 [Note] Server hostname (bind-address): '127.0.0.1'; port: 3306
2016-11-28 16:25:36 7952 [Note]   - '127.0.0.1' resolves to '127.0.0.1';
2016-11-28 16:25:36 7952 [Note] Server socket created on IP: '127.0.0.1'.
2016-11-28 16:25:36 7952 [Note] Event Scheduler: Loaded 0 events
2016-11-28 16:25:36 7952 [Note] C:\Bitnami\wampstack-5.6.28-1\mysql\bin\mysqld.exe: ready for connections.
Version: '5.6.34'  socket: ''  port: 3306  MySQL Community Server (GPL)
2016-11-28 16:29:48 7952 [Note] C:\Bitnami\wampstack-5.6.28-1\mysql\bin\mysqld.exe: Normal shutdown

2016-11-28 16:29:48 7952 [Note] Giving 0 client threads a chance to die gracefully
2016-11-28 16:29:48 7952 [Note] Event Scheduler: Purging the queue. 0 events
2016-11-28 16:29:48 7952 [Note] Shutting down slave threads
2016-11-28 16:29:48 7952 [Note] Forcefully disconnecting 0 remaining clients
2016-11-28 16:29:48 7952 [Note] Binlog end
2016-11-28 16:29:48 7952 [Note] Shutting down plugin 'partition'
2016-11-28 16:29:48 7952 [Note] Shutting down plugin 'PERFORMANCE_SCHEMA'
2016-11-28 16:29:48 7952 [Note] Shutting down plugin 'INNODB_SYS_DATAFILES'
2016-11-28 16:29:48 7952 [Note] Shutting down plugin 'INNODB_SYS_TABLESPACES'
2016-11-28 16:29:48 7952 [Note] Shutting down plugin 'INNODB_SYS_FOREIGN_COLS'
2016-11-28 16:29:48 7952 [Note] Shutting down plugin 'INNODB_SYS_FOREIGN'
2016-11-28 16:29:48 7952 [Note] Shutting down plugin 'INNODB_SYS_FIELDS'
2016-11-28 16:29:48 7952 [Note] Shutting down plugin 'INNODB_SYS_COLUMNS'
2016-11-28 16:29:48 7952 [Note] Shutting down plugin 'INNODB_SYS_INDEXES'
2016-11-28 16:29:48 7952 [Note] Shutting down plugin 'INNODB_SYS_TABLESTATS'
2016-11-28 16:29:48 7952 [Note] Shutting down plugin 'INNODB_SYS_TABLES'
2016-11-28 16:29:48 7952 [Note] Shutting down plugin 'INNODB_FT_INDEX_TABLE'
2016-11-28 16:29:48 7952 [Note] Shutting down plugin 'INNODB_FT_INDEX_CACHE'
2016-11-28 16:29:48 7952 [Note] Shutting down plugin 'INNODB_FT_CONFIG'
2016-11-28 16:29:48 7952 [Note] Shutting down plugin 'INNODB_FT_BEING_DELETED'
2016-11-28 16:29:48 7952 [Note] Shutting down plugin 'INNODB_FT_DELETED'
2016-11-28 16:29:48 7952 [Note] Shutting down plugin 'INNODB_FT_DEFAULT_STOPWORD'
2016-11-28 16:29:48 7952 [Note] Shutting down plugin 'INNODB_METRICS'
2016-11-28 16:29:48 7952 [Note] Shutting down plugin 'INNODB_BUFFER_POOL_STATS'
2016-11-28 16:29:48 7952 [Note] Shutting down plugin 'INNODB_BUFFER_PAGE_LRU'
2016-11-28 16:29:48 7952 [Note] Shutting down plugin 'INNODB_BUFFER_PAGE'
2016-11-28 16:29:48 7952 [Note] Shutting down plugin 'INNODB_CMP_PER_INDEX_RESET'
2016-11-28 16:29:48 7952 [Note] Shutting down plugin 'INNODB_CMP_PER_INDEX'
2016-11-28 16:29:48 7952 [Note] Shutting down plugin 'INNODB_CMPMEM_RESET'
2016-11-28 16:29:48 7952 [Note] Shutting down plugin 'INNODB_CMPMEM'
2016-11-28 16:29:48 7952 [Note] Shutting down plugin 'INNODB_CMP_RESET'
2016-11-28 16:29:48 7952 [Note] Shutting down plugin 'INNODB_CMP'
2016-11-28 16:29:48 7952 [Note] Shutting down plugin 'INNODB_LOCK_WAITS'
2016-11-28 16:29:48 7952 [Note] Shutting down plugin 'INNODB_LOCKS'
2016-11-28 16:29:48 7952 [Note] Shutting down plugin 'INNODB_TRX'
2016-11-28 16:29:48 7952 [Note] Shutting down plugin 'InnoDB'
2016-11-28 16:29:48 7952 [Note] InnoDB: FTS optimize thread exiting.
2016-11-28 16:29:48 7952 [Note] InnoDB: Starting shutdown...
2016-11-28 16:29:49 7952 [Note] InnoDB: Shutdown completed; log sequence number 10567250
2016-11-28 16:29:49 7952 [Note] Shutting down plugin 'BLACKHOLE'
2016-11-28 16:29:49 7952 [Note] Shutting down plugin 'ARCHIVE'
2016-11-28 16:29:49 7952 [Note] Shutting down plugin 'MRG_MYISAM'
2016-11-28 16:29:49 7952 [Note] Shutting down plugin 'MyISAM'
2016-11-28 16:29:49 7952 [Note] Shutting down plugin 'MEMORY'
2016-11-28 16:29:49 7952 [Note] Shutting down plugin 'CSV'
2016-11-28 16:29:49 7952 [Note] Shutting down plugin 'sha256_password'
2016-11-28 16:29:49 7952 [Note] Shutting down plugin 'mysql_old_password'
2016-11-28 16:29:49 7952 [Note] Shutting down plugin 'mysql_native_password'
2016-11-28 16:29:49 7952 [Note] Shutting down plugin 'binlog'
2016-11-28 16:29:49 7952 [Note] C:\Bitnami\wampstack-5.6.28-1\mysql\bin\mysqld.exe: Shutdown complete

2016-11-28 16:29:50 8320 [Note] Plugin 'FEDERATED' is disabled.
2016-11-28 16:29:50 8320 [Note] InnoDB: Using atomics to ref count buffer pool pages
2016-11-28 16:29:50 8320 [Note] InnoDB: The InnoDB memory heap is disabled
2016-11-28 16:29:50 8320 [Note] InnoDB: Mutexes and rw_locks use Windows interlocked functions
2016-11-28 16:29:50 8320 [Note] InnoDB: Memory barrier is not used
2016-11-28 16:29:50 8320 [Note] InnoDB: Compressed tables use zlib 1.2.3
2016-11-28 16:29:50 8320 [Note] InnoDB: Not using CPU crc32 instructions
2016-11-28 16:29:50 8320 [Note] InnoDB: Initializing buffer pool, size = 128.0M
2016-11-28 16:29:50 8320 [Note] InnoDB: Completed initialization of buffer pool
2016-11-28 16:29:50 8320 [Note] InnoDB: Highest supported file format is Barracuda.
2016-11-28 16:29:50 8320 [Note] InnoDB: 128 rollback segment(s) are active.
2016-11-28 16:29:50 8320 [Note] InnoDB: Waiting for purge to start
2016-11-28 16:29:50 8320 [Note] InnoDB: 5.6.34 started; log sequence number 10567250
2016-11-28 16:29:50 8320 [Note] Server hostname (bind-address): '127.0.0.1'; port: 3306
2016-11-28 16:29:50 8320 [Note]   - '127.0.0.1' resolves to '127.0.0.1';
2016-11-28 16:29:50 8320 [Note] Server socket created on IP: '127.0.0.1'.
2016-11-28 16:29:50 8320 [Note] Event Scheduler: Loaded 0 events
2016-11-28 16:29:50 8320 [Note] C:\Bitnami\wampstack-5.6.28-1\mysql\bin\mysqld.exe: ready for connections.
Version: '5.6.34'  socket: ''  port: 3306  MySQL Community Server (GPL)
2016-11-28 16:36:48 8320 [Note] C:\Bitnami\wampstack-5.6.28-1\mysql\bin\mysqld.exe: Normal shutdown

2016-11-28 16:36:48 8320 [Note] Giving 0 client threads a chance to die gracefully
2016-11-28 16:36:48 8320 [Note] Event Scheduler: Purging the queue. 0 events
2016-11-28 16:36:48 8320 [Note] Shutting down slave threads
2016-11-28 16:36:48 8320 [Note] Forcefully disconnecting 0 remaining clients
2016-11-28 16:36:48 8320 [Note] Binlog end
2016-11-28 16:36:48 8320 [Note] Shutting down plugin 'partition'
2016-11-28 16:36:48 8320 [Note] Shutting down plugin 'PERFORMANCE_SCHEMA'
2016-11-28 16:36:48 8320 [Note] Shutting down plugin 'INNODB_SYS_DATAFILES'
2016-11-28 16:36:48 8320 [Note] Shutting down plugin 'INNODB_SYS_TABLESPACES'
2016-11-28 16:36:48 8320 [Note] Shutting down plugin 'INNODB_SYS_FOREIGN_COLS'
2016-11-28 16:36:48 8320 [Note] Shutting down plugin 'INNODB_SYS_FOREIGN'
2016-11-28 16:36:48 8320 [Note] Shutting down plugin 'INNODB_SYS_FIELDS'
2016-11-28 16:36:48 8320 [Note] Shutting down plugin 'INNODB_SYS_COLUMNS'
2016-11-28 16:36:48 8320 [Note] Shutting down plugin 'INNODB_SYS_INDEXES'
2016-11-28 16:36:48 8320 [Note] Shutting down plugin 'INNODB_SYS_TABLESTATS'
2016-11-28 16:36:48 8320 [Note] Shutting down plugin 'INNODB_SYS_TABLES'
2016-11-28 16:36:48 8320 [Note] Shutting down plugin 'INNODB_FT_INDEX_TABLE'
2016-11-28 16:36:48 8320 [Note] Shutting down plugin 'INNODB_FT_INDEX_CACHE'
2016-11-28 16:36:48 8320 [Note] Shutting down plugin 'INNODB_FT_CONFIG'
2016-11-28 16:36:48 8320 [Note] Shutting down plugin 'INNODB_FT_BEING_DELETED'
2016-11-28 16:36:48 8320 [Note] Shutting down plugin 'INNODB_FT_DELETED'
2016-11-28 16:36:48 8320 [Note] Shutting down plugin 'INNODB_FT_DEFAULT_STOPWORD'
2016-11-28 16:36:48 8320 [Note] Shutting down plugin 'INNODB_METRICS'
2016-11-28 16:36:48 8320 [Note] Shutting down plugin 'INNODB_BUFFER_POOL_STATS'
2016-11-28 16:36:48 8320 [Note] Shutting down plugin 'INNODB_BUFFER_PAGE_LRU'
2016-11-28 16:36:48 8320 [Note] Shutting down plugin 'INNODB_BUFFER_PAGE'
2016-11-28 16:36:48 8320 [Note] Shutting down plugin 'INNODB_CMP_PER_INDEX_RESET'
2016-11-28 16:36:48 8320 [Note] Shutting down plugin 'INNODB_CMP_PER_INDEX'
2016-11-28 16:36:48 8320 [Note] Shutting down plugin 'INNODB_CMPMEM_RESET'
2016-11-28 16:36:48 8320 [Note] Shutting down plugin 'INNODB_CMPMEM'
2016-11-28 16:36:48 8320 [Note] Shutting down plugin 'INNODB_CMP_RESET'
2016-11-28 16:36:48 8320 [Note] Shutting down plugin 'INNODB_CMP'
2016-11-28 16:36:48 8320 [Note] Shutting down plugin 'INNODB_LOCK_WAITS'
2016-11-28 16:36:48 8320 [Note] Shutting down plugin 'INNODB_LOCKS'
2016-11-28 16:36:48 8320 [Note] Shutting down plugin 'INNODB_TRX'
2016-11-28 16:36:48 8320 [Note] Shutting down plugin 'InnoDB'
2016-11-28 16:36:48 8320 [Note] InnoDB: FTS optimize thread exiting.
2016-11-28 16:36:48 8320 [Note] InnoDB: Starting shutdown...
2016-11-28 16:36:49 8320 [Note] InnoDB: Shutdown completed; log sequence number 10588917
2016-11-28 16:36:49 8320 [Note] Shutting down plugin 'BLACKHOLE'
2016-11-28 16:36:49 8320 [Note] Shutting down plugin 'ARCHIVE'
2016-11-28 16:36:49 8320 [Note] Shutting down plugin 'MRG_MYISAM'
2016-11-28 16:36:49 8320 [Note] Shutting down plugin 'MyISAM'
2016-11-28 16:36:49 8320 [Note] Shutting down plugin 'MEMORY'
2016-11-28 16:36:49 8320 [Note] Shutting down plugin 'CSV'
2016-11-28 16:36:49 8320 [Note] Shutting down plugin 'sha256_password'
2016-11-28 16:36:49 8320 [Note] Shutting down plugin 'mysql_old_password'
2016-11-28 16:36:49 8320 [Note] Shutting down plugin 'mysql_native_password'
2016-11-28 16:36:49 8320 [Note] Shutting down plugin 'binlog'
2016-11-28 16:36:49 8320 [Note] C:\Bitnami\wampstack-5.6.28-1\mysql\bin\mysqld.exe: Shutdown complete

2016-11-28 16:36:50 12048 [Note] Plugin 'FEDERATED' is disabled.
2016-11-28 16:36:50 12048 [Note] InnoDB: Using atomics to ref count buffer pool pages
2016-11-28 16:36:50 12048 [Note] InnoDB: The InnoDB memory heap is disabled
2016-11-28 16:36:50 12048 [Note] InnoDB: Mutexes and rw_locks use Windows interlocked functions
2016-11-28 16:36:50 12048 [Note] InnoDB: Memory barrier is not used
2016-11-28 16:36:50 12048 [Note] InnoDB: Compressed tables use zlib 1.2.3
2016-11-28 16:36:50 12048 [Note] InnoDB: Not using CPU crc32 instructions
2016-11-28 16:36:50 12048 [Note] InnoDB: Initializing buffer pool, size = 128.0M
2016-11-28 16:36:50 12048 [Note] InnoDB: Completed initialization of buffer pool
2016-11-28 16:36:50 12048 [Note] InnoDB: Highest supported file format is Barracuda.
2016-11-28 16:36:50 12048 [Note] InnoDB: 128 rollback segment(s) are active.
2016-11-28 16:36:51 12048 [Note] InnoDB: Waiting for purge to start
2016-11-28 16:36:51 12048 [Note] InnoDB: 5.6.34 started; log sequence number 10588917
2016-11-28 16:36:51 12048 [Note] Server hostname (bind-address): '127.0.0.1'; port: 3306
2016-11-28 16:36:51 12048 [Note]   - '127.0.0.1' resolves to '127.0.0.1';
2016-11-28 16:36:51 12048 [Note] Server socket created on IP: '127.0.0.1'.
2016-11-28 16:36:51 12048 [Note] Event Scheduler: Loaded 0 events
2016-11-28 16:36:51 12048 [Note] C:\Bitnami\wampstack-5.6.28-1\mysql\bin\mysqld.exe: ready for connections.
Version: '5.6.34'  socket: ''  port: 3306  MySQL Community Server (GPL)
2016-11-28 16:38:20 12048 [Note] C:\Bitnami\wampstack-5.6.28-1\mysql\bin\mysqld.exe: Normal shutdown

2016-11-28 16:38:20 12048 [Note] Giving 0 client threads a chance to die gracefully
2016-11-28 16:38:20 12048 [Note] Event Scheduler: Purging the queue. 0 events
2016-11-28 16:38:20 12048 [Note] Shutting down slave threads
2016-11-28 16:38:20 12048 [Note] Forcefully disconnecting 0 remaining clients
2016-11-28 16:38:20 12048 [Note] Binlog end
2016-11-28 16:38:20 12048 [Note] Shutting down plugin 'partition'
2016-11-28 16:38:20 12048 [Note] Shutting down plugin 'PERFORMANCE_SCHEMA'
2016-11-28 16:38:20 12048 [Note] Shutting down plugin 'INNODB_SYS_DATAFILES'
2016-11-28 16:38:20 12048 [Note] Shutting down plugin 'INNODB_SYS_TABLESPACES'
2016-11-28 16:38:20 12048 [Note] Shutting down plugin 'INNODB_SYS_FOREIGN_COLS'
2016-11-28 16:38:20 12048 [Note] Shutting down plugin 'INNODB_SYS_FOREIGN'
2016-11-28 16:38:20 12048 [Note] Shutting down plugin 'INNODB_SYS_FIELDS'
2016-11-28 16:38:20 12048 [Note] Shutting down plugin 'INNODB_SYS_COLUMNS'
2016-11-28 16:38:20 12048 [Note] Shutting down plugin 'INNODB_SYS_INDEXES'
2016-11-28 16:38:20 12048 [Note] Shutting down plugin 'INNODB_SYS_TABLESTATS'
2016-11-28 16:38:20 12048 [Note] Shutting down plugin 'INNODB_SYS_TABLES'
2016-11-28 16:38:20 12048 [Note] Shutting down plugin 'INNODB_FT_INDEX_TABLE'
2016-11-28 16:38:20 12048 [Note] Shutting down plugin 'INNODB_FT_INDEX_CACHE'
2016-11-28 16:38:20 12048 [Note] Shutting down plugin 'INNODB_FT_CONFIG'
2016-11-28 16:38:20 12048 [Note] Shutting down plugin 'INNODB_FT_BEING_DELETED'
2016-11-28 16:38:20 12048 [Note] Shutting down plugin 'INNODB_FT_DELETED'
2016-11-28 16:38:20 12048 [Note] Shutting down plugin 'INNODB_FT_DEFAULT_STOPWORD'
2016-11-28 16:38:20 12048 [Note] Shutting down plugin 'INNODB_METRICS'
2016-11-28 16:38:20 12048 [Note] Shutting down plugin 'INNODB_BUFFER_POOL_STATS'
2016-11-28 16:38:20 12048 [Note] Shutting down plugin 'INNODB_BUFFER_PAGE_LRU'
2016-11-28 16:38:20 12048 [Note] Shutting down plugin 'INNODB_BUFFER_PAGE'
2016-11-28 16:38:20 12048 [Note] Shutting down plugin 'INNODB_CMP_PER_INDEX_RESET'
2016-11-28 16:38:20 12048 [Note] Shutting down plugin 'INNODB_CMP_PER_INDEX'
2016-11-28 16:38:20 12048 [Note] Shutting down plugin 'INNODB_CMPMEM_RESET'
2016-11-28 16:38:20 12048 [Note] Shutting down plugin 'INNODB_CMPMEM'
2016-11-28 16:38:20 12048 [Note] Shutting down plugin 'INNODB_CMP_RESET'
2016-11-28 16:38:20 12048 [Note] Shutting down plugin 'INNODB_CMP'
2016-11-28 16:38:20 12048 [Note] Shutting down plugin 'INNODB_LOCK_WAITS'
2016-11-28 16:38:20 12048 [Note] Shutting down plugin 'INNODB_LOCKS'
2016-11-28 16:38:20 12048 [Note] Shutting down plugin 'INNODB_TRX'
2016-11-28 16:38:20 12048 [Note] Shutting down plugin 'InnoDB'
2016-11-28 16:38:20 12048 [Note] InnoDB: FTS optimize thread exiting.
2016-11-28 16:38:20 12048 [Note] InnoDB: Starting shutdown...
2016-11-28 16:38:21 12048 [Note] InnoDB: Shutdown completed; log sequence number 10588927
2016-11-28 16:38:21 12048 [Note] Shutting down plugin 'BLACKHOLE'
2016-11-28 16:38:21 12048 [Note] Shutting down plugin 'ARCHIVE'
2016-11-28 16:38:21 12048 [Note] Shutting down plugin 'MRG_MYISAM'
2016-11-28 16:38:21 12048 [Note] Shutting down plugin 'MyISAM'
2016-11-28 16:38:21 12048 [Note] Shutting down plugin 'MEMORY'
2016-11-28 16:38:21 12048 [Note] Shutting down plugin 'CSV'
2016-11-28 16:38:21 12048 [Note] Shutting down plugin 'sha256_password'
2016-11-28 16:38:21 12048 [Note] Shutting down plugin 'mysql_old_password'
2016-11-28 16:38:21 12048 [Note] Shutting down plugin 'mysql_native_password'
2016-11-28 16:38:21 12048 [Note] Shutting down plugin 'binlog'
2016-11-28 16:38:21 12048 [Note] C:\Bitnami\wampstack-5.6.28-1\mysql\bin\mysqld.exe: Shutdown complete

2016-11-28 16:38:21 7260 [Note] Plugin 'FEDERATED' is disabled.
2016-11-28 16:38:21 7260 [Note] InnoDB: Using atomics to ref count buffer pool pages
2016-11-28 16:38:21 7260 [Note] InnoDB: The InnoDB memory heap is disabled
2016-11-28 16:38:21 7260 [Note] InnoDB: Mutexes and rw_locks use Windows interlocked functions
2016-11-28 16:38:21 7260 [Note] InnoDB: Memory barrier is not used
2016-11-28 16:38:21 7260 [Note] InnoDB: Compressed tables use zlib 1.2.3
2016-11-28 16:38:21 7260 [Note] InnoDB: Not using CPU crc32 instructions
2016-11-28 16:38:21 7260 [Note] InnoDB: Initializing buffer pool, size = 128.0M
2016-11-28 16:38:22 7260 [Note] InnoDB: Completed initialization of buffer pool
2016-11-28 16:38:22 7260 [Note] InnoDB: Highest supported file format is Barracuda.
2016-11-28 16:38:22 7260 [Note] InnoDB: 128 rollback segment(s) are active.
2016-11-28 16:38:22 7260 [Note] InnoDB: Waiting for purge to start
2016-11-28 16:38:22 7260 [Note] InnoDB: 5.6.34 started; log sequence number 10588927
2016-11-28 16:38:22 7260 [Note] Server hostname (bind-address): '127.0.0.1'; port: 3306
2016-11-28 16:38:22 7260 [Note]   - '127.0.0.1' resolves to '127.0.0.1';
2016-11-28 16:38:22 7260 [Note] Server socket created on IP: '127.0.0.1'.
2016-11-28 16:38:23 7260 [Note] Event Scheduler: Loaded 0 events
2016-11-28 16:38:23 7260 [Note] C:\Bitnami\wampstack-5.6.28-1\mysql\bin\mysqld.exe: ready for connections.
Version: '5.6.34'  socket: ''  port: 3306  MySQL Community Server (GPL)
2016-11-28 19:32:43 7260 [Note] C:\Bitnami\wampstack-5.6.28-1\mysql\bin\mysqld.exe: Normal shutdown

2016-11-28 19:32:43 7260 [Note] Giving 0 client threads a chance to die gracefully
2016-11-28 19:32:43 7260 [Note] Event Scheduler: Purging the queue. 0 events
2016-11-28 19:32:43 7260 [Note] Shutting down slave threads
2016-11-28 19:32:43 7260 [Note] Forcefully disconnecting 0 remaining clients
2016-11-28 19:32:43 7260 [Note] Binlog end
2016-11-28 19:32:43 7260 [Note] Shutting down plugin 'partition'
2016-11-28 19:32:43 7260 [Note] Shutting down plugin 'PERFORMANCE_SCHEMA'
2016-11-28 19:32:43 7260 [Note] Shutting down plugin 'INNODB_SYS_DATAFILES'
2016-11-28 19:32:43 7260 [Note] Shutting down plugin 'INNODB_SYS_TABLESPACES'
2016-11-28 19:32:43 7260 [Note] Shutting down plugin 'INNODB_SYS_FOREIGN_COLS'
2016-11-28 19:32:43 7260 [Note] Shutting down plugin 'INNODB_SYS_FOREIGN'
2016-11-28 19:32:43 7260 [Note] Shutting down plugin 'INNODB_SYS_FIELDS'
2016-11-28 19:32:43 7260 [Note] Shutting down plugin 'INNODB_SYS_COLUMNS'
2016-11-28 19:32:43 7260 [Note] Shutting down plugin 'INNODB_SYS_INDEXES'
2016-11-28 19:32:43 7260 [Note] Shutting down plugin 'INNODB_SYS_TABLESTATS'
2016-11-28 19:32:43 7260 [Note] Shutting down plugin 'INNODB_SYS_TABLES'
2016-11-28 19:32:43 7260 [Note] Shutting down plugin 'INNODB_FT_INDEX_TABLE'
2016-11-28 19:32:43 7260 [Note] Shutting down plugin 'INNODB_FT_INDEX_CACHE'
2016-11-28 19:32:43 7260 [Note] Shutting down plugin 'INNODB_FT_CONFIG'
2016-11-28 19:32:43 7260 [Note] Shutting down plugin 'INNODB_FT_BEING_DELETED'
2016-11-28 19:32:43 7260 [Note] Shutting down plugin 'INNODB_FT_DELETED'
2016-11-28 19:32:43 7260 [Note] Shutting down plugin 'INNODB_FT_DEFAULT_STOPWORD'
2016-11-28 19:32:43 7260 [Note] Shutting down plugin 'INNODB_METRICS'
2016-11-28 19:32:43 7260 [Note] Shutting down plugin 'INNODB_BUFFER_POOL_STATS'
2016-11-28 19:32:43 7260 [Note] Shutting down plugin 'INNODB_BUFFER_PAGE_LRU'
2016-11-28 19:32:43 7260 [Note] Shutting down plugin 'INNODB_BUFFER_PAGE'
2016-11-28 19:32:43 7260 [Note] Shutting down plugin 'INNODB_CMP_PER_INDEX_RESET'
2016-11-28 19:32:43 7260 [Note] Shutting down plugin 'INNODB_CMP_PER_INDEX'
2016-11-28 19:32:43 7260 [Note] Shutting down plugin 'INNODB_CMPMEM_RESET'
2016-11-28 19:32:43 7260 [Note] Shutting down plugin 'INNODB_CMPMEM'
2016-11-28 19:32:43 7260 [Note] Shutting down plugin 'INNODB_CMP_RESET'
2016-11-28 19:32:43 7260 [Note] Shutting down plugin 'INNODB_CMP'
2016-11-28 19:32:43 7260 [Note] Shutting down plugin 'INNODB_LOCK_WAITS'
2016-11-28 19:32:43 7260 [Note] Shutting down plugin 'INNODB_LOCKS'
2016-11-28 19:32:43 7260 [Note] Shutting down plugin 'INNODB_TRX'
2016-11-28 19:32:43 7260 [Note] Shutting down plugin 'InnoDB'
2016-11-28 19:32:43 7260 [Note] InnoDB: FTS optimize thread exiting.
2016-11-28 19:32:43 7260 [Note] InnoDB: Starting shutdown...
2016-11-28 19:32:45 7260 [Note] InnoDB: Shutdown completed; log sequence number 11137955
2016-11-28 19:32:45 7260 [Note] Shutting down plugin 'BLACKHOLE'
2016-11-28 19:32:45 7260 [Note] Shutting down plugin 'ARCHIVE'
2016-11-28 19:32:45 7260 [Note] Shutting down plugin 'MRG_MYISAM'
2016-11-28 19:32:45 7260 [Note] Shutting down plugin 'MyISAM'
2016-11-28 19:32:45 7260 [Note] Shutting down plugin 'MEMORY'
2016-11-28 19:32:45 7260 [Note] Shutting down plugin 'CSV'
2016-11-28 19:32:45 7260 [Note] Shutting down plugin 'sha256_password'
2016-11-28 19:32:45 7260 [Note] Shutting down plugin 'mysql_old_password'
2016-11-28 19:32:45 7260 [Note] Shutting down plugin 'mysql_native_password'
2016-11-28 19:32:45 7260 [Note] Shutting down plugin 'binlog'
2016-11-28 19:32:45 7260 [Note] C:\Bitnami\wampstack-5.6.28-1\mysql\bin\mysqld.exe: Shutdown complete

2016-11-28 19:32:46 5160 [Note] Plugin 'FEDERATED' is disabled.
2016-11-28 19:32:46 5160 [Note] InnoDB: Using atomics to ref count buffer pool pages
2016-11-28 19:32:46 5160 [Note] InnoDB: The InnoDB memory heap is disabled
2016-11-28 19:32:46 5160 [Note] InnoDB: Mutexes and rw_locks use Windows interlocked functions
2016-11-28 19:32:46 5160 [Note] InnoDB: Memory barrier is not used
2016-11-28 19:32:46 5160 [Note] InnoDB: Compressed tables use zlib 1.2.3
2016-11-28 19:32:46 5160 [Note] InnoDB: Not using CPU crc32 instructions
2016-11-28 19:32:46 5160 [Note] InnoDB: Initializing buffer pool, size = 128.0M
2016-11-28 19:32:46 5160 [Note] InnoDB: Completed initialization of buffer pool
2016-11-28 19:32:46 5160 [Note] InnoDB: Highest supported file format is Barracuda.
2016-11-28 19:32:47 5160 [Note] InnoDB: 128 rollback segment(s) are active.
2016-11-28 19:32:47 5160 [Note] InnoDB: Waiting for purge to start
2016-11-28 19:32:47 5160 [Note] InnoDB: 5.6.34 started; log sequence number 11137955
2016-11-28 19:32:47 5160 [Note] Server hostname (bind-address): '127.0.0.1'; port: 3306
2016-11-28 19:32:47 5160 [Note]   - '127.0.0.1' resolves to '127.0.0.1';
2016-11-28 19:32:47 5160 [Note] Server socket created on IP: '127.0.0.1'.
2016-11-28 19:32:47 5160 [Note] Event Scheduler: Loaded 0 events
2016-11-28 19:32:47 5160 [Note] C:\Bitnami\wampstack-5.6.28-1\mysql\bin\mysqld.exe: ready for connections.
Version: '5.6.34'  socket: ''  port: 3306  MySQL Community Server (GPL)
2016-11-28 23:28:49 5160 [Note] C:\Bitnami\wampstack-5.6.28-1\mysql\bin\mysqld.exe: Normal shutdown

2016-11-28 23:28:49 5160 [Note] Giving 0 client threads a chance to die gracefully
2016-11-28 23:28:49 5160 [Note] Event Scheduler: Purging the queue. 0 events
2016-11-28 23:28:49 5160 [Note] Shutting down slave threads
2016-11-28 23:28:49 5160 [Note] Forcefully disconnecting 0 remaining clients
2016-11-28 23:28:49 5160 [Note] Binlog end
2016-11-28 23:28:49 5160 [Note] Shutting down plugin 'partition'
2016-11-28 23:28:49 5160 [Note] Shutting down plugin 'PERFORMANCE_SCHEMA'
2016-11-28 23:28:49 5160 [Note] Shutting down plugin 'INNODB_SYS_DATAFILES'
2016-11-28 23:28:49 5160 [Note] Shutting down plugin 'INNODB_SYS_TABLESPACES'
2016-11-28 23:28:49 5160 [Note] Shutting down plugin 'INNODB_SYS_FOREIGN_COLS'
2016-11-28 23:28:49 5160 [Note] Shutting down plugin 'INNODB_SYS_FOREIGN'
2016-11-28 23:28:49 5160 [Note] Shutting down plugin 'INNODB_SYS_FIELDS'
2016-11-28 23:28:49 5160 [Note] Shutting down plugin 'INNODB_SYS_COLUMNS'
2016-11-28 23:28:49 5160 [Note] Shutting down plugin 'INNODB_SYS_INDEXES'
2016-11-28 23:28:49 5160 [Note] Shutting down plugin 'INNODB_SYS_TABLESTATS'
2016-11-28 23:28:49 5160 [Note] Shutting down plugin 'INNODB_SYS_TABLES'
2016-11-28 23:28:49 5160 [Note] Shutting down plugin 'INNODB_FT_INDEX_TABLE'
2016-11-28 23:28:49 5160 [Note] Shutting down plugin 'INNODB_FT_INDEX_CACHE'
2016-11-28 23:28:49 5160 [Note] Shutting down plugin 'INNODB_FT_CONFIG'
2016-11-28 23:28:49 5160 [Note] Shutting down plugin 'INNODB_FT_BEING_DELETED'
2016-11-28 23:28:49 5160 [Note] Shutting down plugin 'INNODB_FT_DELETED'
2016-11-28 23:28:49 5160 [Note] Shutting down plugin 'INNODB_FT_DEFAULT_STOPWORD'
2016-11-28 23:28:49 5160 [Note] Shutting down plugin 'INNODB_METRICS'
2016-11-28 23:28:49 5160 [Note] Shutting down plugin 'INNODB_BUFFER_POOL_STATS'
2016-11-28 23:28:49 5160 [Note] Shutting down plugin 'INNODB_BUFFER_PAGE_LRU'
2016-11-28 23:28:49 5160 [Note] Shutting down plugin 'INNODB_BUFFER_PAGE'
2016-11-28 23:28:49 5160 [Note] Shutting down plugin 'INNODB_CMP_PER_INDEX_RESET'
2016-11-28 23:28:49 5160 [Note] Shutting down plugin 'INNODB_CMP_PER_INDEX'
2016-11-28 23:28:49 5160 [Note] Shutting down plugin 'INNODB_CMPMEM_RESET'
2016-11-28 23:28:49 5160 [Note] Shutting down plugin 'INNODB_CMPMEM'
2016-11-28 23:28:49 5160 [Note] Shutting down plugin 'INNODB_CMP_RESET'
2016-11-28 23:28:49 5160 [Note] Shutting down plugin 'INNODB_CMP'
2016-11-28 23:28:49 5160 [Note] Shutting down plugin 'INNODB_LOCK_WAITS'
2016-11-28 23:28:49 5160 [Note] Shutting down plugin 'INNODB_LOCKS'
2016-11-28 23:28:49 5160 [Note] Shutting down plugin 'INNODB_TRX'
2016-11-28 23:28:49 5160 [Note] Shutting down plugin 'InnoDB'
2016-11-28 23:28:49 5160 [Note] InnoDB: FTS optimize thread exiting.
2016-11-28 23:28:49 5160 [Note] InnoDB: Starting shutdown...
2016-11-28 23:28:51 5160 [Note] InnoDB: Shutdown completed; log sequence number 13796292
2016-11-28 23:28:51 5160 [Note] Shutting down plugin 'BLACKHOLE'
2016-11-28 23:28:51 5160 [Note] Shutting down plugin 'ARCHIVE'
2016-11-28 23:28:51 5160 [Note] Shutting down plugin 'MRG_MYISAM'
2016-11-28 23:28:51 5160 [Note] Shutting down plugin 'MyISAM'
2016-11-28 23:28:51 5160 [Note] Shutting down plugin 'MEMORY'
2016-11-28 23:28:51 5160 [Note] Shutting down plugin 'CSV'
2016-11-28 23:28:51 5160 [Note] Shutting down plugin 'sha256_password'
2016-11-28 23:28:51 5160 [Note] Shutting down plugin 'mysql_old_password'
2016-11-28 23:28:51 5160 [Note] Shutting down plugin 'mysql_native_password'
2016-11-28 23:28:51 5160 [Note] Shutting down plugin 'binlog'
2016-11-28 23:28:51 5160 [Note] C:\Bitnami\wampstack-5.6.28-1\mysql\bin\mysqld.exe: Shutdown complete

2016-11-28 23:28:53 14248 [Note] Plugin 'FEDERATED' is disabled.
2016-11-28 23:28:53 14248 [Note] InnoDB: Using atomics to ref count buffer pool pages
2016-11-28 23:28:53 14248 [Note] InnoDB: The InnoDB memory heap is disabled
2016-11-28 23:28:53 14248 [Note] InnoDB: Mutexes and rw_locks use Windows interlocked functions
2016-11-28 23:28:53 14248 [Note] InnoDB: Memory barrier is not used
2016-11-28 23:28:53 14248 [Note] InnoDB: Compressed tables use zlib 1.2.3
2016-11-28 23:28:53 14248 [Note] InnoDB: Not using CPU crc32 instructions
2016-11-28 23:28:53 14248 [Note] InnoDB: Initializing buffer pool, size = 128.0M
2016-11-28 23:28:53 14248 [Note] InnoDB: Completed initialization of buffer pool
2016-11-28 23:28:53 14248 [Note] InnoDB: Highest supported file format is Barracuda.
2016-11-28 23:28:53 14248 [Note] InnoDB: 128 rollback segment(s) are active.
2016-11-28 23:28:53 14248 [Note] InnoDB: Waiting for purge to start
2016-11-28 23:28:53 14248 [Note] InnoDB: 5.6.34 started; log sequence number 13796292
2016-11-28 23:28:53 14248 [Note] Server hostname (bind-address): '127.0.0.1'; port: 3306
2016-11-28 23:28:53 14248 [Note]   - '127.0.0.1' resolves to '127.0.0.1';
2016-11-28 23:28:53 14248 [Note] Server socket created on IP: '127.0.0.1'.
2016-11-28 23:28:53 14248 [Note] Event Scheduler: Loaded 0 events
2016-11-28 23:28:53 14248 [Note] C:\Bitnami\wampstack-5.6.28-1\mysql\bin\mysqld.exe: ready for connections.
Version: '5.6.34'  socket: ''  port: 3306  MySQL Community Server (GPL)
2016-11-28 23:32:43 14248 [Note] C:\Bitnami\wampstack-5.6.28-1\mysql\bin\mysqld.exe: Normal shutdown

2016-11-28 23:32:43 14248 [Note] Giving 0 client threads a chance to die gracefully
2016-11-28 23:32:43 14248 [Note] Event Scheduler: Purging the queue. 0 events
2016-11-28 23:32:43 14248 [Note] Shutting down slave threads
2016-11-28 23:32:43 14248 [Note] Forcefully disconnecting 0 remaining clients
2016-11-28 23:32:43 14248 [Note] Binlog end
2016-11-28 23:32:43 14248 [Note] Shutting down plugin 'partition'
2016-11-28 23:32:43 14248 [Note] Shutting down plugin 'PERFORMANCE_SCHEMA'
2016-11-28 23:32:43 14248 [Note] Shutting down plugin 'INNODB_SYS_DATAFILES'
2016-11-28 23:32:43 14248 [Note] Shutting down plugin 'INNODB_SYS_TABLESPACES'
2016-11-28 23:32:43 14248 [Note] Shutting down plugin 'INNODB_SYS_FOREIGN_COLS'
2016-11-28 23:32:43 14248 [Note] Shutting down plugin 'INNODB_SYS_FOREIGN'
2016-11-28 23:32:43 14248 [Note] Shutting down plugin 'INNODB_SYS_FIELDS'
2016-11-28 23:32:43 14248 [Note] Shutting down plugin 'INNODB_SYS_COLUMNS'
2016-11-28 23:32:43 14248 [Note] Shutting down plugin 'INNODB_SYS_INDEXES'
2016-11-28 23:32:43 14248 [Note] Shutting down plugin 'INNODB_SYS_TABLESTATS'
2016-11-28 23:32:43 14248 [Note] Shutting down plugin 'INNODB_SYS_TABLES'
2016-11-28 23:32:43 14248 [Note] Shutting down plugin 'INNODB_FT_INDEX_TABLE'
2016-11-28 23:32:43 14248 [Note] Shutting down plugin 'INNODB_FT_INDEX_CACHE'
2016-11-28 23:32:43 14248 [Note] Shutting down plugin 'INNODB_FT_CONFIG'
2016-11-28 23:32:43 14248 [Note] Shutting down plugin 'INNODB_FT_BEING_DELETED'
2016-11-28 23:32:43 14248 [Note] Shutting down plugin 'INNODB_FT_DELETED'
2016-11-28 23:32:43 14248 [Note] Shutting down plugin 'INNODB_FT_DEFAULT_STOPWORD'
2016-11-28 23:32:43 14248 [Note] Shutting down plugin 'INNODB_METRICS'
2016-11-28 23:32:43 14248 [Note] Shutting down plugin 'INNODB_BUFFER_POOL_STATS'
2016-11-28 23:32:43 14248 [Note] Shutting down plugin 'INNODB_BUFFER_PAGE_LRU'
2016-11-28 23:32:43 14248 [Note] Shutting down plugin 'INNODB_BUFFER_PAGE'
2016-11-28 23:32:43 14248 [Note] Shutting down plugin 'INNODB_CMP_PER_INDEX_RESET'
2016-11-28 23:32:43 14248 [Note] Shutting down plugin 'INNODB_CMP_PER_INDEX'
2016-11-28 23:32:43 14248 [Note] Shutting down plugin 'INNODB_CMPMEM_RESET'
2016-11-28 23:32:43 14248 [Note] Shutting down plugin 'INNODB_CMPMEM'
2016-11-28 23:32:43 14248 [Note] Shutting down plugin 'INNODB_CMP_RESET'
2016-11-28 23:32:43 14248 [Note] Shutting down plugin 'INNODB_CMP'
2016-11-28 23:32:43 14248 [Note] Shutting down plugin 'INNODB_LOCK_WAITS'
2016-11-28 23:32:43 14248 [Note] Shutting down plugin 'INNODB_LOCKS'
2016-11-28 23:32:43 14248 [Note] Shutting down plugin 'INNODB_TRX'
2016-11-28 23:32:43 14248 [Note] Shutting down plugin 'InnoDB'
2016-11-28 23:32:43 14248 [Note] InnoDB: FTS optimize thread exiting.
2016-11-28 23:32:43 14248 [Note] InnoDB: Starting shutdown...
2016-11-28 23:32:44 14248 [Note] InnoDB: Shutdown completed; log sequence number 13796302
2016-11-28 23:32:44 14248 [Note] Shutting down plugin 'BLACKHOLE'
2016-11-28 23:32:44 14248 [Note] Shutting down plugin 'ARCHIVE'
2016-11-28 23:32:44 14248 [Note] Shutting down plugin 'MRG_MYISAM'
2016-11-28 23:32:44 14248 [Note] Shutting down plugin 'MyISAM'
2016-11-28 23:32:44 14248 [Note] Shutting down plugin 'MEMORY'
2016-11-28 23:32:44 14248 [Note] Shutting down plugin 'CSV'
2016-11-28 23:32:44 14248 [Note] Shutting down plugin 'sha256_password'
2016-11-28 23:32:44 14248 [Note] Shutting down plugin 'mysql_old_password'
2016-11-28 23:32:44 14248 [Note] Shutting down plugin 'mysql_native_password'
2016-11-28 23:32:44 14248 [Note] Shutting down plugin 'binlog'
2016-11-28 23:32:44 14248 [Note] C:\Bitnami\wampstack-5.6.28-1\mysql\bin\mysqld.exe: Shutdown complete

2016-11-28 23:32:46 11684 [Note] Plugin 'FEDERATED' is disabled.
2016-11-28 23:32:46 11684 [Note] InnoDB: Using atomics to ref count buffer pool pages
2016-11-28 23:32:46 11684 [Note] InnoDB: The InnoDB memory heap is disabled
2016-11-28 23:32:46 11684 [Note] InnoDB: Mutexes and rw_locks use Windows interlocked functions
2016-11-28 23:32:46 11684 [Note] InnoDB: Memory barrier is not used
2016-11-28 23:32:46 11684 [Note] InnoDB: Compressed tables use zlib 1.2.3
2016-11-28 23:32:46 11684 [Note] InnoDB: Not using CPU crc32 instructions
2016-11-28 23:32:46 11684 [Note] InnoDB: Initializing buffer pool, size = 128.0M
2016-11-28 23:32:46 11684 [Note] InnoDB: Completed initialization of buffer pool
2016-11-28 23:32:46 11684 [Note] InnoDB: Highest supported file format is Barracuda.
2016-11-28 23:32:47 11684 [Note] InnoDB: 128 rollback segment(s) are active.
2016-11-28 23:32:47 11684 [Note] InnoDB: Waiting for purge to start
2016-11-28 23:32:47 11684 [Note] InnoDB: 5.6.34 started; log sequence number 13796302
2016-11-28 23:32:47 11684 [Note] Server hostname (bind-address): '127.0.0.1'; port: 3306
2016-11-28 23:32:47 11684 [Note]   - '127.0.0.1' resolves to '127.0.0.1';
2016-11-28 23:32:47 11684 [Note] Server socket created on IP: '127.0.0.1'.
2016-11-28 23:32:47 11684 [Note] Event Scheduler: Loaded 0 events
2016-11-28 23:32:47 11684 [Note] C:\Bitnami\wampstack-5.6.28-1\mysql\bin\mysqld.exe: ready for connections.
Version: '5.6.34'  socket: ''  port: 3306  MySQL Community Server (GPL)
2016-11-29 01:34:32 11684 [Note] C:\Bitnami\wampstack-5.6.28-1\mysql\bin\mysqld.exe: Normal shutdown

2016-11-29 01:34:32 11684 [Note] Giving 0 client threads a chance to die gracefully
2016-11-29 01:34:32 11684 [Note] Event Scheduler: Purging the queue. 0 events
2016-11-29 01:34:32 11684 [Note] Shutting down slave threads
2016-11-29 01:34:32 11684 [Note] Forcefully disconnecting 0 remaining clients
2016-11-29 01:34:32 11684 [Note] Binlog end
2016-11-29 01:34:32 11684 [Note] Shutting down plugin 'partition'
2016-11-29 01:34:32 11684 [Note] Shutting down plugin 'PERFORMANCE_SCHEMA'
2016-11-29 01:34:32 11684 [Note] Shutting down plugin 'INNODB_SYS_DATAFILES'
2016-11-29 01:34:32 11684 [Note] Shutting down plugin 'INNODB_SYS_TABLESPACES'
2016-11-29 01:34:32 11684 [Note] Shutting down plugin 'INNODB_SYS_FOREIGN_COLS'
2016-11-29 01:34:32 11684 [Note] Shutting down plugin 'INNODB_SYS_FOREIGN'
2016-11-29 01:34:32 11684 [Note] Shutting down plugin 'INNODB_SYS_FIELDS'
2016-11-29 01:34:32 11684 [Note] Shutting down plugin 'INNODB_SYS_COLUMNS'
2016-11-29 01:34:32 11684 [Note] Shutting down plugin 'INNODB_SYS_INDEXES'
2016-11-29 01:34:32 11684 [Note] Shutting down plugin 'INNODB_SYS_TABLESTATS'
2016-11-29 01:34:32 11684 [Note] Shutting down plugin 'INNODB_SYS_TABLES'
2016-11-29 01:34:32 11684 [Note] Shutting down plugin 'INNODB_FT_INDEX_TABLE'
2016-11-29 01:34:32 11684 [Note] Shutting down plugin 'INNODB_FT_INDEX_CACHE'
2016-11-29 01:34:32 11684 [Note] Shutting down plugin 'INNODB_FT_CONFIG'
2016-11-29 01:34:32 11684 [Note] Shutting down plugin 'INNODB_FT_BEING_DELETED'
2016-11-29 01:34:32 11684 [Note] Shutting down plugin 'INNODB_FT_DELETED'
2016-11-29 01:34:32 11684 [Note] Shutting down plugin 'INNODB_FT_DEFAULT_STOPWORD'
2016-11-29 01:34:32 11684 [Note] Shutting down plugin 'INNODB_METRICS'
2016-11-29 01:34:32 11684 [Note] Shutting down plugin 'INNODB_BUFFER_POOL_STATS'
2016-11-29 01:34:32 11684 [Note] Shutting down plugin 'INNODB_BUFFER_PAGE_LRU'
2016-11-29 01:34:32 11684 [Note] Shutting down plugin 'INNODB_BUFFER_PAGE'
2016-11-29 01:34:32 11684 [Note] Shutting down plugin 'INNODB_CMP_PER_INDEX_RESET'
2016-11-29 01:34:32 11684 [Note] Shutting down plugin 'INNODB_CMP_PER_INDEX'
2016-11-29 01:34:32 11684 [Note] Shutting down plugin 'INNODB_CMPMEM_RESET'
2016-11-29 01:34:32 11684 [Note] Shutting down plugin 'INNODB_CMPMEM'
2016-11-29 01:34:32 11684 [Note] Shutting down plugin 'INNODB_CMP_RESET'
2016-11-29 01:34:32 11684 [Note] Shutting down plugin 'INNODB_CMP'
2016-11-29 01:34:32 11684 [Note] Shutting down plugin 'INNODB_LOCK_WAITS'
2016-11-29 01:34:32 11684 [Note] Shutting down plugin 'INNODB_LOCKS'
2016-11-29 01:34:32 11684 [Note] Shutting down plugin 'INNODB_TRX'
2016-11-29 01:34:32 11684 [Note] Shutting down plugin 'InnoDB'
2016-11-29 01:34:32 11684 [Note] InnoDB: FTS optimize thread exiting.
2016-11-29 01:34:32 11684 [Note] InnoDB: Starting shutdown...
2016-11-29 01:34:33 11684 [Note] InnoDB: Shutdown completed; log sequence number 14811588
2016-11-29 01:34:33 11684 [Note] Shutting down plugin 'BLACKHOLE'
2016-11-29 01:34:33 11684 [Note] Shutting down plugin 'ARCHIVE'
2016-11-29 01:34:33 11684 [Note] Shutting down plugin 'MRG_MYISAM'
2016-11-29 01:34:33 11684 [Note] Shutting down plugin 'MyISAM'
2016-11-29 01:34:33 11684 [Note] Shutting down plugin 'MEMORY'
2016-11-29 01:34:33 11684 [Note] Shutting down plugin 'CSV'
2016-11-29 01:34:33 11684 [Note] Shutting down plugin 'sha256_password'
2016-11-29 01:34:33 11684 [Note] Shutting down plugin 'mysql_old_password'
2016-11-29 01:34:33 11684 [Note] Shutting down plugin 'mysql_native_password'
2016-11-29 01:34:33 11684 [Note] Shutting down plugin 'binlog'
2016-11-29 01:34:33 11684 [Note] C:\Bitnami\wampstack-5.6.28-1\mysql\bin\mysqld.exe: Shutdown complete

2016-11-29 01:34:34 5732 [Note] Plugin 'FEDERATED' is disabled.
2016-11-29 01:34:34 5732 [Note] InnoDB: Using atomics to ref count buffer pool pages
2016-11-29 01:34:34 5732 [Note] InnoDB: The InnoDB memory heap is disabled
2016-11-29 01:34:34 5732 [Note] InnoDB: Mutexes and rw_locks use Windows interlocked functions
2016-11-29 01:34:34 5732 [Note] InnoDB: Memory barrier is not used
2016-11-29 01:34:34 5732 [Note] InnoDB: Compressed tables use zlib 1.2.3
2016-11-29 01:34:34 5732 [Note] InnoDB: Not using CPU crc32 instructions
2016-11-29 01:34:34 5732 [Note] InnoDB: Initializing buffer pool, size = 128.0M
2016-11-29 01:34:34 5732 [Note] InnoDB: Completed initialization of buffer pool
2016-11-29 01:34:34 5732 [Note] InnoDB: Highest supported file format is Barracuda.
2016-11-29 01:34:35 5732 [Note] InnoDB: 128 rollback segment(s) are active.
2016-11-29 01:34:35 5732 [Note] InnoDB: Waiting for purge to start
2016-11-29 01:34:35 5732 [Note] InnoDB: 5.6.34 started; log sequence number 14811588
2016-11-29 01:34:35 5732 [Note] Server hostname (bind-address): '127.0.0.1'; port: 3306
2016-11-29 01:34:35 5732 [Note]   - '127.0.0.1' resolves to '127.0.0.1';
2016-11-29 01:34:35 5732 [Note] Server socket created on IP: '127.0.0.1'.
2016-11-29 01:34:35 5732 [Note] Event Scheduler: Loaded 0 events
2016-11-29 01:34:35 5732 [Note] C:\Bitnami\wampstack-5.6.28-1\mysql\bin\mysqld.exe: ready for connections.
Version: '5.6.34'  socket: ''  port: 3306  MySQL Community Server (GPL)
2016-11-29 01:40:43 5732 [Note] C:\Bitnami\wampstack-5.6.28-1\mysql\bin\mysqld.exe: Normal shutdown

2016-11-29 01:40:43 5732 [Note] Giving 0 client threads a chance to die gracefully
2016-11-29 01:40:43 5732 [Note] Event Scheduler: Purging the queue. 0 events
2016-11-29 01:40:43 5732 [Note] Shutting down slave threads
2016-11-29 01:40:43 5732 [Note] Forcefully disconnecting 0 remaining clients
2016-11-29 01:40:43 5732 [Note] Binlog end
2016-11-29 01:40:43 5732 [Note] Shutting down plugin 'partition'
2016-11-29 01:40:43 5732 [Note] Shutting down plugin 'PERFORMANCE_SCHEMA'
2016-11-29 01:40:43 5732 [Note] Shutting down plugin 'INNODB_SYS_DATAFILES'
2016-11-29 01:40:43 5732 [Note] Shutting down plugin 'INNODB_SYS_TABLESPACES'
2016-11-29 01:40:43 5732 [Note] Shutting down plugin 'INNODB_SYS_FOREIGN_COLS'
2016-11-29 01:40:43 5732 [Note] Shutting down plugin 'INNODB_SYS_FOREIGN'
2016-11-29 01:40:43 5732 [Note] Shutting down plugin 'INNODB_SYS_FIELDS'
2016-11-29 01:40:43 5732 [Note] Shutting down plugin 'INNODB_SYS_COLUMNS'
2016-11-29 01:40:43 5732 [Note] Shutting down plugin 'INNODB_SYS_INDEXES'
2016-11-29 01:40:43 5732 [Note] Shutting down plugin 'INNODB_SYS_TABLESTATS'
2016-11-29 01:40:43 5732 [Note] Shutting down plugin 'INNODB_SYS_TABLES'
2016-11-29 01:40:43 5732 [Note] Shutting down plugin 'INNODB_FT_INDEX_TABLE'
2016-11-29 01:40:43 5732 [Note] Shutting down plugin 'INNODB_FT_INDEX_CACHE'
2016-11-29 01:40:43 5732 [Note] Shutting down plugin 'INNODB_FT_CONFIG'
2016-11-29 01:40:43 5732 [Note] Shutting down plugin 'INNODB_FT_BEING_DELETED'
2016-11-29 01:40:43 5732 [Note] Shutting down plugin 'INNODB_FT_DELETED'
2016-11-29 01:40:43 5732 [Note] Shutting down plugin 'INNODB_FT_DEFAULT_STOPWORD'
2016-11-29 01:40:43 5732 [Note] Shutting down plugin 'INNODB_METRICS'
2016-11-29 01:40:43 5732 [Note] Shutting down plugin 'INNODB_BUFFER_POOL_STATS'
2016-11-29 01:40:43 5732 [Note] Shutting down plugin 'INNODB_BUFFER_PAGE_LRU'
2016-11-29 01:40:43 5732 [Note] Shutting down plugin 'INNODB_BUFFER_PAGE'
2016-11-29 01:40:43 5732 [Note] Shutting down plugin 'INNODB_CMP_PER_INDEX_RESET'
2016-11-29 01:40:43 5732 [Note] Shutting down plugin 'INNODB_CMP_PER_INDEX'
2016-11-29 01:40:43 5732 [Note] Shutting down plugin 'INNODB_CMPMEM_RESET'
2016-11-29 01:40:43 5732 [Note] Shutting down plugin 'INNODB_CMPMEM'
2016-11-29 01:40:43 5732 [Note] Shutting down plugin 'INNODB_CMP_RESET'
2016-11-29 01:40:43 5732 [Note] Shutting down plugin 'INNODB_CMP'
2016-11-29 01:40:43 5732 [Note] Shutting down plugin 'INNODB_LOCK_WAITS'
2016-11-29 01:40:43 5732 [Note] Shutting down plugin 'INNODB_LOCKS'
2016-11-29 01:40:43 5732 [Note] Shutting down plugin 'INNODB_TRX'
2016-11-29 01:40:43 5732 [Note] Shutting down plugin 'InnoDB'
2016-11-29 01:40:43 5732 [Note] InnoDB: FTS optimize thread exiting.
2016-11-29 01:40:43 5732 [Note] InnoDB: Starting shutdown...
2016-11-29 01:40:44 5732 [Note] InnoDB: Shutdown completed; log sequence number 14826693
2016-11-29 01:40:44 5732 [Note] Shutting down plugin 'BLACKHOLE'
2016-11-29 01:40:44 5732 [Note] Shutting down plugin 'ARCHIVE'
2016-11-29 01:40:44 5732 [Note] Shutting down plugin 'MRG_MYISAM'
2016-11-29 01:40:44 5732 [Note] Shutting down plugin 'MyISAM'
2016-11-29 01:40:44 5732 [Note] Shutting down plugin 'MEMORY'
2016-11-29 01:40:44 5732 [Note] Shutting down plugin 'CSV'
2016-11-29 01:40:44 5732 [Note] Shutting down plugin 'sha256_password'
2016-11-29 01:40:44 5732 [Note] Shutting down plugin 'mysql_old_password'
2016-11-29 01:40:44 5732 [Note] Shutting down plugin 'mysql_native_password'
2016-11-29 01:40:44 5732 [Note] Shutting down plugin 'binlog'
2016-11-29 01:40:44 5732 [Note] C:\Bitnami\wampstack-5.6.28-1\mysql\bin\mysqld.exe: Shutdown complete

2016-11-29 01:40:44 7976 [Note] Plugin 'FEDERATED' is disabled.
2016-11-29 01:40:44 7976 [Note] InnoDB: Using atomics to ref count buffer pool pages
2016-11-29 01:40:44 7976 [Note] InnoDB: The InnoDB memory heap is disabled
2016-11-29 01:40:44 7976 [Note] InnoDB: Mutexes and rw_locks use Windows interlocked functions
2016-11-29 01:40:44 7976 [Note] InnoDB: Memory barrier is not used
2016-11-29 01:40:44 7976 [Note] InnoDB: Compressed tables use zlib 1.2.3
2016-11-29 01:40:44 7976 [Note] InnoDB: Not using CPU crc32 instructions
2016-11-29 01:40:44 7976 [Note] InnoDB: Initializing buffer pool, size = 128.0M
2016-11-29 01:40:44 7976 [Note] InnoDB: Completed initialization of buffer pool
2016-11-29 01:40:45 7976 [Note] InnoDB: Highest supported file format is Barracuda.
2016-11-29 01:40:45 7976 [Note] InnoDB: 128 rollback segment(s) are active.
2016-11-29 01:40:45 7976 [Note] InnoDB: Waiting for purge to start
2016-11-29 01:40:46 7976 [Note] InnoDB: 5.6.34 started; log sequence number 14826693
2016-11-29 01:40:46 7976 [Note] Server hostname (bind-address): '127.0.0.1'; port: 3306
2016-11-29 01:40:46 7976 [Note]   - '127.0.0.1' resolves to '127.0.0.1';
2016-11-29 01:40:46 7976 [Note] Server socket created on IP: '127.0.0.1'.
2016-11-29 01:40:46 7976 [Note] Event Scheduler: Loaded 0 events
2016-11-29 01:40:46 7976 [Note] C:\Bitnami\wampstack-5.6.28-1\mysql\bin\mysqld.exe: ready for connections.
Version: '5.6.34'  socket: ''  port: 3306  MySQL Community Server (GPL)
2016-11-29 02:05:09 7976 [Note] C:\Bitnami\wampstack-5.6.28-1\mysql\bin\mysqld.exe: Normal shutdown

2016-11-29 02:05:09 7976 [Note] Giving 0 client threads a chance to die gracefully
2016-11-29 02:05:09 7976 [Note] Event Scheduler: Purging the queue. 0 events
2016-11-29 02:05:09 7976 [Note] Shutting down slave threads
2016-11-29 02:05:09 7976 [Note] Forcefully disconnecting 0 remaining clients
2016-11-29 02:05:09 7976 [Note] Binlog end
2016-11-29 02:05:09 7976 [Note] Shutting down plugin 'partition'
2016-11-29 02:05:09 7976 [Note] Shutting down plugin 'PERFORMANCE_SCHEMA'
2016-11-29 02:05:09 7976 [Note] Shutting down plugin 'INNODB_SYS_DATAFILES'
2016-11-29 02:05:09 7976 [Note] Shutting down plugin 'INNODB_SYS_TABLESPACES'
2016-11-29 02:05:09 7976 [Note] Shutting down plugin 'INNODB_SYS_FOREIGN_COLS'
2016-11-29 02:05:09 7976 [Note] Shutting down plugin 'INNODB_SYS_FOREIGN'
2016-11-29 02:05:09 7976 [Note] Shutting down plugin 'INNODB_SYS_FIELDS'
2016-11-29 02:05:09 7976 [Note] Shutting down plugin 'INNODB_SYS_COLUMNS'
2016-11-29 02:05:09 7976 [Note] Shutting down plugin 'INNODB_SYS_INDEXES'
2016-11-29 02:05:09 7976 [Note] Shutting down plugin 'INNODB_SYS_TABLESTATS'
2016-11-29 02:05:09 7976 [Note] Shutting down plugin 'INNODB_SYS_TABLES'
2016-11-29 02:05:09 7976 [Note] Shutting down plugin 'INNODB_FT_INDEX_TABLE'
2016-11-29 02:05:09 7976 [Note] Shutting down plugin 'INNODB_FT_INDEX_CACHE'
2016-11-29 02:05:09 7976 [Note] Shutting down plugin 'INNODB_FT_CONFIG'
2016-11-29 02:05:09 7976 [Note] Shutting down plugin 'INNODB_FT_BEING_DELETED'
2016-11-29 02:05:09 7976 [Note] Shutting down plugin 'INNODB_FT_DELETED'
2016-11-29 02:05:09 7976 [Note] Shutting down plugin 'INNODB_FT_DEFAULT_STOPWORD'
2016-11-29 02:05:09 7976 [Note] Shutting down plugin 'INNODB_METRICS'
2016-11-29 02:05:09 7976 [Note] Shutting down plugin 'INNODB_BUFFER_POOL_STATS'
2016-11-29 02:05:09 7976 [Note] Shutting down plugin 'INNODB_BUFFER_PAGE_LRU'
2016-11-29 02:05:09 7976 [Note] Shutting down plugin 'INNODB_BUFFER_PAGE'
2016-11-29 02:05:09 7976 [Note] Shutting down plugin 'INNODB_CMP_PER_INDEX_RESET'
2016-11-29 02:05:09 7976 [Note] Shutting down plugin 'INNODB_CMP_PER_INDEX'
2016-11-29 02:05:09 7976 [Note] Shutting down plugin 'INNODB_CMPMEM_RESET'
2016-11-29 02:05:09 7976 [Note] Shutting down plugin 'INNODB_CMPMEM'
2016-11-29 02:05:09 7976 [Note] Shutting down plugin 'INNODB_CMP_RESET'
2016-11-29 02:05:09 7976 [Note] Shutting down plugin 'INNODB_CMP'
2016-11-29 02:05:09 7976 [Note] Shutting down plugin 'INNODB_LOCK_WAITS'
2016-11-29 02:05:09 7976 [Note] Shutting down plugin 'INNODB_LOCKS'
2016-11-29 02:05:09 7976 [Note] Shutting down plugin 'INNODB_TRX'
2016-11-29 02:05:09 7976 [Note] Shutting down plugin 'InnoDB'
2016-11-29 02:05:09 7976 [Note] InnoDB: FTS optimize thread exiting.
2016-11-29 02:05:09 7976 [Note] InnoDB: Starting shutdown...
2016-11-29 02:05:10 7976 [Note] InnoDB: Shutdown completed; log sequence number 14974733
2016-11-29 02:05:10 7976 [Note] Shutting down plugin 'BLACKHOLE'
2016-11-29 02:05:10 7976 [Note] Shutting down plugin 'ARCHIVE'
2016-11-29 02:05:10 7976 [Note] Shutting down plugin 'MRG_MYISAM'
2016-11-29 02:05:10 7976 [Note] Shutting down plugin 'MyISAM'
2016-11-29 02:05:10 7976 [Note] Shutting down plugin 'MEMORY'
2016-11-29 02:05:10 7976 [Note] Shutting down plugin 'CSV'
2016-11-29 02:05:10 7976 [Note] Shutting down plugin 'sha256_password'
2016-11-29 02:05:10 7976 [Note] Shutting down plugin 'mysql_old_password'
2016-11-29 02:05:10 7976 [Note] Shutting down plugin 'mysql_native_password'
2016-11-29 02:05:10 7976 [Note] Shutting down plugin 'binlog'
2016-11-29 02:05:10 7976 [Note] C:\Bitnami\wampstack-5.6.28-1\mysql\bin\mysqld.exe: Shutdown complete

2016-11-29 07:50:13 920 [Note] Plugin 'FEDERATED' is disabled.
2016-11-29 07:50:13 920 [Note] InnoDB: Using atomics to ref count buffer pool pages
2016-11-29 07:50:13 920 [Note] InnoDB: The InnoDB memory heap is disabled
2016-11-29 07:50:13 920 [Note] InnoDB: Mutexes and rw_locks use Windows interlocked functions
2016-11-29 07:50:13 920 [Note] InnoDB: Memory barrier is not used
2016-11-29 07:50:13 920 [Note] InnoDB: Compressed tables use zlib 1.2.3
2016-11-29 07:50:13 920 [Note] InnoDB: Not using CPU crc32 instructions
2016-11-29 07:50:13 920 [Note] InnoDB: Initializing buffer pool, size = 128.0M
2016-11-29 07:50:13 920 [Note] InnoDB: Completed initialization of buffer pool
2016-11-29 07:50:13 920 [Note] InnoDB: Highest supported file format is Barracuda.
2016-11-29 07:50:14 920 [Note] InnoDB: 128 rollback segment(s) are active.
2016-11-29 07:50:14 920 [Note] InnoDB: Waiting for purge to start
2016-11-29 07:50:14 920 [Note] InnoDB: 5.6.34 started; log sequence number 14974733
2016-11-29 07:50:14 920 [Note] Server hostname (bind-address): '127.0.0.1'; port: 3306
2016-11-29 07:50:14 920 [Note]   - '127.0.0.1' resolves to '127.0.0.1';
2016-11-29 07:50:14 920 [Note] Server socket created on IP: '127.0.0.1'.
2016-11-29 07:50:14 920 [Note] Event Scheduler: Loaded 0 events
2016-11-29 07:50:14 920 [Note] C:\Bitnami\wampstack-5.6.28-1\mysql\bin\mysqld.exe: ready for connections.
Version: '5.6.34'  socket: ''  port: 3306  MySQL Community Server (GPL)
2016-11-29 07:56:08 920 [Note] C:\Bitnami\wampstack-5.6.28-1\mysql\bin\mysqld.exe: Normal shutdown

2016-11-29 07:56:08 920 [Note] Giving 0 client threads a chance to die gracefully
2016-11-29 07:56:08 920 [Note] Event Scheduler: Purging the queue. 0 events
2016-11-29 07:56:08 920 [Note] Shutting down slave threads
2016-11-29 07:56:08 920 [Note] Forcefully disconnecting 0 remaining clients
2016-11-29 07:56:08 920 [Note] Binlog end
2016-11-29 07:56:08 920 [Note] Shutting down plugin 'partition'
2016-11-29 07:56:08 920 [Note] Shutting down plugin 'PERFORMANCE_SCHEMA'
2016-11-29 07:56:08 920 [Note] Shutting down plugin 'INNODB_SYS_DATAFILES'
2016-11-29 07:56:08 920 [Note] Shutting down plugin 'INNODB_SYS_TABLESPACES'
2016-11-29 07:56:08 920 [Note] Shutting down plugin 'INNODB_SYS_FOREIGN_COLS'
2016-11-29 07:56:08 920 [Note] Shutting down plugin 'INNODB_SYS_FOREIGN'
2016-11-29 07:56:08 920 [Note] Shutting down plugin 'INNODB_SYS_FIELDS'
2016-11-29 07:56:08 920 [Note] Shutting down plugin 'INNODB_SYS_COLUMNS'
2016-11-29 07:56:08 920 [Note] Shutting down plugin 'INNODB_SYS_INDEXES'
2016-11-29 07:56:08 920 [Note] Shutting down plugin 'INNODB_SYS_TABLESTATS'
2016-11-29 07:56:08 920 [Note] Shutting down plugin 'INNODB_SYS_TABLES'
2016-11-29 07:56:08 920 [Note] Shutting down plugin 'INNODB_FT_INDEX_TABLE'
2016-11-29 07:56:08 920 [Note] Shutting down plugin 'INNODB_FT_INDEX_CACHE'
2016-11-29 07:56:08 920 [Note] Shutting down plugin 'INNODB_FT_CONFIG'
2016-11-29 07:56:08 920 [Note] Shutting down plugin 'INNODB_FT_BEING_DELETED'
2016-11-29 07:56:08 920 [Note] Shutting down plugin 'INNODB_FT_DELETED'
2016-11-29 07:56:08 920 [Note] Shutting down plugin 'INNODB_FT_DEFAULT_STOPWORD'
2016-11-29 07:56:08 920 [Note] Shutting down plugin 'INNODB_METRICS'
2016-11-29 07:56:08 920 [Note] Shutting down plugin 'INNODB_BUFFER_POOL_STATS'
2016-11-29 07:56:08 920 [Note] Shutting down plugin 'INNODB_BUFFER_PAGE_LRU'
2016-11-29 07:56:08 920 [Note] Shutting down plugin 'INNODB_BUFFER_PAGE'
2016-11-29 07:56:08 920 [Note] Shutting down plugin 'INNODB_CMP_PER_INDEX_RESET'
2016-11-29 07:56:08 920 [Note] Shutting down plugin 'INNODB_CMP_PER_INDEX'
2016-11-29 07:56:08 920 [Note] Shutting down plugin 'INNODB_CMPMEM_RESET'
2016-11-29 07:56:08 920 [Note] Shutting down plugin 'INNODB_CMPMEM'
2016-11-29 07:56:08 920 [Note] Shutting down plugin 'INNODB_CMP_RESET'
2016-11-29 07:56:08 920 [Note] Shutting down plugin 'INNODB_CMP'
2016-11-29 07:56:08 920 [Note] Shutting down plugin 'INNODB_LOCK_WAITS'
2016-11-29 07:56:08 920 [Note] Shutting down plugin 'INNODB_LOCKS'
2016-11-29 07:56:08 920 [Note] Shutting down plugin 'INNODB_TRX'
2016-11-29 07:56:08 920 [Note] Shutting down plugin 'InnoDB'
2016-11-29 07:56:08 920 [Note] InnoDB: FTS optimize thread exiting.
2016-11-29 07:56:08 920 [Note] InnoDB: Starting shutdown...
2016-11-29 07:56:10 920 [Note] InnoDB: Shutdown completed; log sequence number 15311433
2016-11-29 07:56:10 920 [Note] Shutting down plugin 'BLACKHOLE'
2016-11-29 07:56:10 920 [Note] Shutting down plugin 'ARCHIVE'
2016-11-29 07:56:10 920 [Note] Shutting down plugin 'MRG_MYISAM'
2016-11-29 07:56:10 920 [Note] Shutting down plugin 'MyISAM'
2016-11-29 07:56:10 920 [Note] Shutting down plugin 'MEMORY'
2016-11-29 07:56:10 920 [Note] Shutting down plugin 'CSV'
2016-11-29 07:56:10 920 [Note] Shutting down plugin 'sha256_password'
2016-11-29 07:56:10 920 [Note] Shutting down plugin 'mysql_old_password'
2016-11-29 07:56:10 920 [Note] Shutting down plugin 'mysql_native_password'
2016-11-29 07:56:10 920 [Note] Shutting down plugin 'binlog'
2016-11-29 07:56:10 920 [Note] C:\Bitnami\wampstack-5.6.28-1\mysql\bin\mysqld.exe: Shutdown complete

2016-11-29 12:13:59 6132 [Note] Plugin 'FEDERATED' is disabled.
2016-11-29 12:13:59 6132 [Note] InnoDB: Using atomics to ref count buffer pool pages
2016-11-29 12:13:59 6132 [Note] InnoDB: The InnoDB memory heap is disabled
2016-11-29 12:13:59 6132 [Note] InnoDB: Mutexes and rw_locks use Windows interlocked functions
2016-11-29 12:13:59 6132 [Note] InnoDB: Memory barrier is not used
2016-11-29 12:13:59 6132 [Note] InnoDB: Compressed tables use zlib 1.2.3
2016-11-29 12:13:59 6132 [Note] InnoDB: Not using CPU crc32 instructions
2016-11-29 12:13:59 6132 [Note] InnoDB: Initializing buffer pool, size = 128.0M
2016-11-29 12:13:59 6132 [Note] InnoDB: Completed initialization of buffer pool
2016-11-29 12:14:00 6132 [Note] InnoDB: Highest supported file format is Barracuda.
2016-11-29 12:14:00 6132 [Note] InnoDB: 128 rollback segment(s) are active.
2016-11-29 12:14:00 6132 [Note] InnoDB: Waiting for purge to start
2016-11-29 12:14:00 6132 [Note] InnoDB: 5.6.34 started; log sequence number 15311433
2016-11-29 12:14:00 6132 [Note] Server hostname (bind-address): '127.0.0.1'; port: 3306
2016-11-29 12:14:00 6132 [Note]   - '127.0.0.1' resolves to '127.0.0.1';
2016-11-29 12:14:00 6132 [Note] Server socket created on IP: '127.0.0.1'.
2016-11-29 12:14:00 6132 [Note] Event Scheduler: Loaded 0 events
2016-11-29 12:14:00 6132 [Note] C:\Bitnami\wampstack-5.6.28-1\mysql\bin\mysqld.exe: ready for connections.
Version: '5.6.34'  socket: ''  port: 3306  MySQL Community Server (GPL)
2016-11-29 15:12:07 6132 [Note] C:\Bitnami\wampstack-5.6.28-1\mysql\bin\mysqld.exe: Normal shutdown

2016-11-29 15:12:07 6132 [Note] Giving 0 client threads a chance to die gracefully
2016-11-29 15:12:07 6132 [Note] Event Scheduler: Purging the queue. 0 events
2016-11-29 15:12:07 6132 [Note] Shutting down slave threads
2016-11-29 15:12:07 6132 [Note] Forcefully disconnecting 0 remaining clients
2016-11-29 15:12:07 6132 [Note] Binlog end
2016-11-29 15:12:07 6132 [Note] Shutting down plugin 'partition'
2016-11-29 15:12:07 6132 [Note] Shutting down plugin 'PERFORMANCE_SCHEMA'
2016-11-29 15:12:07 6132 [Note] Shutting down plugin 'INNODB_SYS_DATAFILES'
2016-11-29 15:12:07 6132 [Note] Shutting down plugin 'INNODB_SYS_TABLESPACES'
2016-11-29 15:12:07 6132 [Note] Shutting down plugin 'INNODB_SYS_FOREIGN_COLS'
2016-11-29 15:12:07 6132 [Note] Shutting down plugin 'INNODB_SYS_FOREIGN'
2016-11-29 15:12:07 6132 [Note] Shutting down plugin 'INNODB_SYS_FIELDS'
2016-11-29 15:12:07 6132 [Note] Shutting down plugin 'INNODB_SYS_COLUMNS'
2016-11-29 15:12:07 6132 [Note] Shutting down plugin 'INNODB_SYS_INDEXES'
2016-11-29 15:12:07 6132 [Note] Shutting down plugin 'INNODB_SYS_TABLESTATS'
2016-11-29 15:12:07 6132 [Note] Shutting down plugin 'INNODB_SYS_TABLES'
2016-11-29 15:12:07 6132 [Note] Shutting down plugin 'INNODB_FT_INDEX_TABLE'
2016-11-29 15:12:07 6132 [Note] Shutting down plugin 'INNODB_FT_INDEX_CACHE'
2016-11-29 15:12:07 6132 [Note] Shutting down plugin 'INNODB_FT_CONFIG'
2016-11-29 15:12:07 6132 [Note] Shutting down plugin 'INNODB_FT_BEING_DELETED'
2016-11-29 15:12:07 6132 [Note] Shutting down plugin 'INNODB_FT_DELETED'
2016-11-29 15:12:07 6132 [Note] Shutting down plugin 'INNODB_FT_DEFAULT_STOPWORD'
2016-11-29 15:12:07 6132 [Note] Shutting down plugin 'INNODB_METRICS'
2016-11-29 15:12:07 6132 [Note] Shutting down plugin 'INNODB_BUFFER_POOL_STATS'
2016-11-29 15:12:07 6132 [Note] Shutting down plugin 'INNODB_BUFFER_PAGE_LRU'
2016-11-29 15:12:07 6132 [Note] Shutting down plugin 'INNODB_BUFFER_PAGE'
2016-11-29 15:12:07 6132 [Note] Shutting down plugin 'INNODB_CMP_PER_INDEX_RESET'
2016-11-29 15:12:07 6132 [Note] Shutting down plugin 'INNODB_CMP_PER_INDEX'
2016-11-29 15:12:07 6132 [Note] Shutting down plugin 'INNODB_CMPMEM_RESET'
2016-11-29 15:12:07 6132 [Note] Shutting down plugin 'INNODB_CMPMEM'
2016-11-29 15:12:07 6132 [Note] Shutting down plugin 'INNODB_CMP_RESET'
2016-11-29 15:12:07 6132 [Note] Shutting down plugin 'INNODB_CMP'
2016-11-29 15:12:07 6132 [Note] Shutting down plugin 'INNODB_LOCK_WAITS'
2016-11-29 15:12:07 6132 [Note] Shutting down plugin 'INNODB_LOCKS'
2016-11-29 15:12:07 6132 [Note] Shutting down plugin 'INNODB_TRX'
2016-11-29 15:12:07 6132 [Note] Shutting down plugin 'InnoDB'
2016-11-29 15:12:07 6132 [Note] InnoDB: FTS optimize thread exiting.
2016-11-29 15:12:07 6132 [Note] InnoDB: Starting shutdown...
2016-11-29 15:12:08 6132 [Note] InnoDB: Shutdown completed; log sequence number 16910630
2016-11-29 15:12:08 6132 [Note] Shutting down plugin 'BLACKHOLE'
2016-11-29 15:12:08 6132 [Note] Shutting down plugin 'ARCHIVE'
2016-11-29 15:12:08 6132 [Note] Shutting down plugin 'MRG_MYISAM'
2016-11-29 15:12:08 6132 [Note] Shutting down plugin 'MyISAM'
2016-11-29 15:12:08 6132 [Note] Shutting down plugin 'MEMORY'
2016-11-29 15:12:08 6132 [Note] Shutting down plugin 'CSV'
2016-11-29 15:12:08 6132 [Note] Shutting down plugin 'sha256_password'
2016-11-29 15:12:08 6132 [Note] Shutting down plugin 'mysql_old_password'
2016-11-29 15:12:08 6132 [Note] Shutting down plugin 'mysql_native_password'
2016-11-29 15:12:08 6132 [Note] Shutting down plugin 'binlog'
2016-11-29 15:12:08 6132 [Note] C:\Bitnami\wampstack-5.6.28-1\mysql\bin\mysqld.exe: Shutdown complete

